<?xml version="1.0" encoding="UTF-8"?>
<testsuite xmlns:xsi="http://www.w3.org/2001/XMLSchema-instance" xsi:noNamespaceSchemaLocation="https://maven.apache.org/surefire/maven-surefire-plugin/xsd/surefire-test-report-3.0.xsd" version="3.0" name="TestSuite" time="20.598" tests="6" errors="0" skipped="0" failures="0">
  <properties>
[...]
</properties>
  <testcase name="testOpenBrowser" classname="com.carbooking.gui.tests.FirstTest" time="0.057">
    <system-out><![CDATA[Starting test: testOpenBrowser on browser: chrome
Сайт открыт, тест прошел успешно!
]]></system-out>
    <system-err><![CDATA[SLF4J: Failed to load class "org.slf4j.impl.StaticLoggerBinder".
SLF4J: Defaulting to no-operation (NOP) logger implementation
SLF4J: See http://www.slf4j.org/codes.html#StaticLoggerBinder for further details.
мар. 27, 2026 7:15:45 AM org.openqa.selenium.devtools.CdpVersionFinder findNearestMatch
WARNING: Unable to find CDP implementation matching 146
мар. 27, 2026 7:15:45 AM org.openqa.selenium.chromium.ChromiumDriver lambda$new$5
WARNING: Unable to find version of CDP to use for 146.0.7680.165. You may need to include a dependency on a specific version of the CDP using something similar to `org.seleniumhq.selenium:selenium-devtools-v86:4.16.1` where the version ("v86") matches the version of the chromium-based browser you're using and the version number of the artifact is the same as Selenium's.
]]></system-err>
  </testcase>
  <testcase name="testOpenBrowser" classname="com.carbooking.gui.tests.FirstTest" time="0.004">
    <system-out><![CDATA[Browser session closed.
Starting test: testOpenBrowser on browser: firefox
Сайт открыт, тест прошел успешно!
]]></system-out>
  </testcase>
  <testcase name="findIdorThreat" classname="com.carbooking.gui.tests.SecurityTests" time="0.014">
    <system-out><![CDATA[Browser session closed.
Starting test: findIdorThreat on browser: chrome
URL проверки безопасности: http://localhost:5173/
]]></system-out>
    <system-err><![CDATA[мар. 27, 2026 7:15:46 AM org.openqa.selenium.devtools.CdpVersionFinder findNearestMatch
WARNING: Unable to find CDP implementation matching 146
мар. 27, 2026 7:15:46 AM org.openqa.selenium.chromium.ChromiumDriver lambda$new$5
WARNING: Unable to find version of CDP to use for 146.0.7680.165. You may need to include a dependency on a specific version of the CDP using something similar to `org.seleniumhq.selenium:selenium-devtools-v86:4.16.1` where the version ("v86") matches the version of the chromium-based browser you're using and the version number of the artifact is the same as Selenium's.
]]></system-err>
  </testcase>
  <testcase name="findIdorThreat" classname="com.carbooking.gui.tests.SecurityTests" time="0.017">
    <system-out><![CDATA[Browser session closed.
Starting test: findIdorThreat on browser: firefox
URL проверки безопасности: http://localhost:5173/
]]></system-out>
  </testcase>
  <testcase name="testSqlInjectionInput" classname="com.carbooking.gui.tests.SecurityTests" time="0.572">
    <system-out><![CDATA[Browser session closed.
Starting test: testSqlInjectionInput on browser: chrome
]]></system-out>
    <system-err><![CDATA[мар. 27, 2026 7:15:48 AM org.openqa.selenium.devtools.CdpVersionFinder findNearestMatch
WARNING: Unable to find CDP implementation matching 146
мар. 27, 2026 7:15:48 AM org.openqa.selenium.chromium.ChromiumDriver lambda$new$5
WARNING: Unable to find version of CDP to use for 146.0.7680.165. You may need to include a dependency on a specific version of the CDP using something similar to `org.seleniumhq.selenium:selenium-devtools-v86:4.16.1` where the version ("v86") matches the version of the chromium-based browser you're using and the version number of the artifact is the same as Selenium's.
]]></system-err>
  </testcase>
  <testcase name="testSqlInjectionInput" classname="com.carbooking.gui.tests.SecurityTests" time="0.458">
    <system-out><![CDATA[Browser session closed.
Starting test: testSqlInjectionInput on browser: firefox
]]></system-out>
  </testcase>
</testsuite>