<?xml version="1.0" encoding="UTF-8"?>
<testng-results ignored="0" total="36" passed="25" failed="11" skipped="0">
  <reporter-output>
  </reporter-output>
  <suite started-at="2026-03-26T22:33:49 CET" name="Cross Browser Suite" finished-at="2026-03-26T22:37:44 CET" duration-ms="234380">
    <groups>
    </groups>
    <test started-at="2026-03-26T22:33:49 CET" name="Chrome Tests" finished-at="2026-03-26T22:36:30 CET" duration-ms="160839">
      <class name="com.carbooking.gui.tests.positive.RegistrationPositiveTests">
        <test-method is-config="true" signature="setUp(java.lang.String)[pri:0, instance:com.carbooking.gui.tests.positive.RegistrationPositiveTests@460b6d54]" started-at="2026-03-26T22:34:47 CET" name="setUp" finished-at="2026-03-26T22:34:48 CET" duration-ms="1079" status="PASS">
          <params>
            <param index="0">
              <value>
                <![CDATA[chrome]]>
              </value>
            </param>
          </params>
          <reporter-output>
          </reporter-output>
        </test-method> <!-- setUp -->
        <test-method signature="testUserRegistration()[pri:0, instance:com.carbooking.gui.tests.positive.RegistrationPositiveTests@460b6d54]" started-at="2026-03-26T22:34:48 CET" name="testUserRegistration" finished-at="2026-03-26T22:35:09 CET" duration-ms="20800" status="FAIL">
          <exception class="java.lang.AssertionError">
            <message>
              <![CDATA[ОШИБКА: Регистрация прошла, но автоматический вход не выполнен. URL: http://localhost:5173/register expected [true] but found [false]]]>
            </message>
            <full-stacktrace>
              <![CDATA[java.lang.AssertionError: ОШИБКА: Регистрация прошла, но автоматический вход не выполнен. URL: http://localhost:5173/register expected [true] but found [false]
at org.testng.Assert.fail(Assert.java:111)
at org.testng.Assert.failNotEquals(Assert.java:1578)
at org.testng.Assert.assertTrue(Assert.java:57)
at com.carbooking.gui.tests.positive.RegistrationPositiveTests.testUserRegistration(RegistrationPositiveTests.java:34)
at java.base/jdk.internal.reflect.DirectMethodHandleAccessor.invoke(DirectMethodHandleAccessor.java:103)
at java.base/java.lang.reflect.Method.invoke(Method.java:580)
at org.testng.internal.invokers.MethodInvocationHelper.invokeMethod(MethodInvocationHelper.java:139)
at org.testng.internal.invokers.TestInvoker.invokeMethod(TestInvoker.java:664)
at org.testng.internal.invokers.TestInvoker.invokeTestMethod(TestInvoker.java:227)
at org.testng.internal.invokers.MethodRunner.runInSequence(MethodRunner.java:50)
at org.testng.internal.invokers.TestInvoker$MethodInvocationAgent.invoke(TestInvoker.java:957)
at org.testng.internal.invokers.TestInvoker.invokeTestMethods(TestInvoker.java:200)
at org.testng.internal.invokers.TestMethodWorker.invokeTestMethods(TestMethodWorker.java:148)
at org.testng.internal.invokers.TestMethodWorker.run(TestMethodWorker.java:128)
at java.base/java.util.ArrayList.forEach(ArrayList.java:1596)
at org.testng.TestRunner.privateRun(TestRunner.java:848)
at org.testng.TestRunner.run(TestRunner.java:621)
at org.testng.SuiteRunner.runTest(SuiteRunner.java:443)
at org.testng.SuiteRunner$SuiteWorker.run(SuiteRunner.java:481)
at org.testng.internal.thread.ThreadUtil.lambda$execute$0(ThreadUtil.java:58)
at java.base/java.util.concurrent.FutureTask.run(FutureTask.java:317)
at java.base/java.util.concurrent.ThreadPoolExecutor.runWorker(ThreadPoolExecutor.java:1144)
at java.base/java.util.concurrent.ThreadPoolExecutor$Worker.run(ThreadPoolExecutor.java:642)
at java.base/java.lang.Thread.run(Thread.java:1583)
]]>
            </full-stacktrace>
          </exception> <!-- java.lang.AssertionError -->
          <reporter-output>
          </reporter-output>
        </test-method> <!-- testUserRegistration -->
        <test-method is-config="true" signature="tearDown(org.testng.ITestResult)[pri:0, instance:com.carbooking.gui.tests.positive.RegistrationPositiveTests@460b6d54]" started-at="2026-03-26T22:35:09 CET" name="tearDown" finished-at="2026-03-26T22:35:09 CET" duration-ms="281" status="PASS">
          <params>
            <param index="0">
              <value>
                <![CDATA[[TestResult name=testUserRegistration status=FAILURE method=RegistrationPositiveTests.testUserRegistration()[pri:0, instance:com.carbooking.gui.tests.positive.RegistrationPositiveTests@460b6d54] output={null}]]]>
              </value>
            </param>
          </params>
          <reporter-output>
          </reporter-output>
        </test-method> <!-- tearDown -->
      </class> <!-- com.carbooking.gui.tests.positive.RegistrationPositiveTests -->
      <class name="com.carbooking.gui.tests.negative.BookingNegativeTests">
        <test-method is-config="true" signature="setUp(java.lang.String)[pri:0, instance:com.carbooking.gui.tests.negative.BookingNegativeTests@5cf87cfd]" started-at="2026-03-26T22:35:09 CET" name="setUp" finished-at="2026-03-26T22:35:10 CET" duration-ms="963" status="PASS">
          <params>
            <param index="0">
              <value>
                <![CDATA[chrome]]>
              </value>
            </param>
          </params>
          <reporter-output>
          </reporter-output>
        </test-method> <!-- setUp -->
        <test-method signature="testBookingInPastDates()[pri:1, instance:com.carbooking.gui.tests.negative.BookingNegativeTests@5cf87cfd]" started-at="2026-03-26T22:35:10 CET" name="testBookingInPastDates" finished-at="2026-03-26T22:35:41 CET" duration-ms="31080" status="FAIL">
          <exception class="org.openqa.selenium.TimeoutException">
            <message>
              <![CDATA[Expected condition failed: waiting for visibility of Proxy element for: DefaultElementLocator 'By.name: pickupDate' (tried for 20 second(s) with 500 milliseconds interval)]]>
            </message>
            <full-stacktrace>
              <![CDATA[org.openqa.selenium.TimeoutException: Expected condition failed: waiting for visibility of Proxy element for: DefaultElementLocator 'By.name: pickupDate' (tried for 20 second(s) with 500 milliseconds interval)
at org.openqa.selenium.support.ui.WebDriverWait.timeoutException(WebDriverWait.java:84)
at org.openqa.selenium.support.ui.FluentWait.until(FluentWait.java:229)
at com.carbooking.gui.pages.BookingPage.fillDatesAndSearch(BookingPage.java:37)
at com.carbooking.gui.tests.negative.BookingNegativeTests.testBookingInPastDates(BookingNegativeTests.java:21)
at java.base/jdk.internal.reflect.DirectMethodHandleAccessor.invoke(DirectMethodHandleAccessor.java:103)
at java.base/java.lang.reflect.Method.invoke(Method.java:580)
at org.testng.internal.invokers.MethodInvocationHelper.invokeMethod(MethodInvocationHelper.java:139)
at org.testng.internal.invokers.TestInvoker.invokeMethod(TestInvoker.java:664)
at org.testng.internal.invokers.TestInvoker.invokeTestMethod(TestInvoker.java:227)
at org.testng.internal.invokers.MethodRunner.runInSequence(MethodRunner.java:50)
at org.testng.internal.invokers.TestInvoker$MethodInvocationAgent.invoke(TestInvoker.java:957)
at org.testng.internal.invokers.TestInvoker.invokeTestMethods(TestInvoker.java:200)
at org.testng.internal.invokers.TestMethodWorker.invokeTestMethods(TestMethodWorker.java:148)
at org.testng.internal.invokers.TestMethodWorker.run(TestMethodWorker.java:128)
at java.base/java.util.ArrayList.forEach(ArrayList.java:1596)
at org.testng.TestRunner.privateRun(TestRunner.java:848)
at org.testng.TestRunner.run(TestRunner.java:621)
at org.testng.SuiteRunner.runTest(SuiteRunner.java:443)
at org.testng.SuiteRunner$SuiteWorker.run(SuiteRunner.java:481)
at org.testng.internal.thread.ThreadUtil.lambda$execute$0(ThreadUtil.java:58)
at java.base/java.util.concurrent.FutureTask.run(FutureTask.java:317)
at java.base/java.util.concurrent.ThreadPoolExecutor.runWorker(ThreadPoolExecutor.java:1144)
at java.base/java.util.concurrent.ThreadPoolExecutor$Worker.run(ThreadPoolExecutor.java:642)
at java.base/java.lang.Thread.run(Thread.java:1583)
Caused by: org.openqa.selenium.NoSuchElementException: no such element: Unable to locate element: {"method":"css selector","selector":"*[name='pickupDate']"}
  (Session info: chrome=146.0.7680.165)
For documentation on this error, please visit: https://www.selenium.dev/documentation/webdriver/troubleshooting/errors#no-such-element-exception
Build info: version: '4.16.1', revision: '9b4c83354e'
System info: os.name: 'Windows 11', os.arch: 'amd64', os.version: '10.0', java.version: '21.0.10'
Driver info: org.openqa.selenium.chrome.ChromeDriver
Command: [9fd023f2932952adf9cd1352c0c1562c, findElement {using=name, value=pickupDate}]
Capabilities {acceptInsecureCerts: false, browserName: chrome, browserVersion: 146.0.7680.165, chrome: {chromedriverVersion: 146.0.7680.165 (4b989da09e1..., userDataDir: C:\Users\ohanz\AppData\Loca...}, fedcm:accounts: true, goog:chromeOptions: {debuggerAddress: localhost:50986}, goog:processID: 12824, networkConnectionEnabled: false, pageLoadStrategy: normal, platformName: windows, proxy: Proxy(), se:cdp: ws://localhost:50986/devtoo..., se:cdpVersion: 146.0.7680.165, setWindowRect: true, strictFileInteractability: false, timeouts: {implicit: 0, pageLoad: 300000, script: 30000}, unhandledPromptBehavior: dismiss and notify, webauthn:extension:credBlob: true, webauthn:extension:largeBlob: true, webauthn:extension:minPinLength: true, webauthn:extension:prf: true, webauthn:virtualAuthenticators: true}
Session ID: 9fd023f2932952adf9cd1352c0c1562c
at java.base/jdk.internal.reflect.DirectConstructorHandleAccessor.newInstance(DirectConstructorHandleAccessor.java:62)
at java.base/java.lang.reflect.Constructor.newInstanceWithCaller(Constructor.java:502)
at java.base/java.lang.reflect.Constructor.newInstance(Constructor.java:486)
at org.openqa.selenium.remote.codec.w3c.W3CHttpResponseCodec.createException(W3CHttpResponseCodec.java:200)
at org.openqa.selenium.remote.codec.w3c.W3CHttpResponseCodec.decode(W3CHttpResponseCodec.java:133)
at org.openqa.selenium.remote.codec.w3c.W3CHttpResponseCodec.decode(W3CHttpResponseCodec.java:52)
at org.openqa.selenium.remote.HttpCommandExecutor.execute(HttpCommandExecutor.java:191)
at org.openqa.selenium.remote.service.DriverCommandExecutor.invokeExecute(DriverCommandExecutor.java:200)
at org.openqa.selenium.remote.service.DriverCommandExecutor.execute(DriverCommandExecutor.java:175)
at org.openqa.selenium.remote.RemoteWebDriver.execute(RemoteWebDriver.java:523)
at org.openqa.selenium.remote.ElementLocation$ElementFinder$2.findElement(ElementLocation.java:165)
at org.openqa.selenium.remote.ElementLocation.findElement(ElementLocation.java:59)
at org.openqa.selenium.remote.RemoteWebDriver.findElement(RemoteWebDriver.java:360)
at org.openqa.selenium.remote.RemoteWebDriver.findElement(RemoteWebDriver.java:354)
at org.openqa.selenium.support.pagefactory.DefaultElementLocator.findElement(DefaultElementLocator.java:68)
at org.openqa.selenium.support.pagefactory.internal.LocatingElementHandler.invoke(LocatingElementHandler.java:38)
at jdk.proxy2/jdk.proxy2.$Proxy16.isDisplayed(Unknown Source)
at org.openqa.selenium.support.ui.ExpectedConditions.elementIfVisible(ExpectedConditions.java:304)
at org.openqa.selenium.support.ui.ExpectedConditions$10.apply(ExpectedConditions.java:290)
at org.openqa.selenium.support.ui.ExpectedConditions$10.apply(ExpectedConditions.java:287)
at org.openqa.selenium.support.ui.FluentWait.until(FluentWait.java:204)
... 22 more
]]>
            </full-stacktrace>
          </exception> <!-- org.openqa.selenium.TimeoutException -->
          <reporter-output>
          </reporter-output>
        </test-method> <!-- testBookingInPastDates -->
        <test-method is-config="true" signature="tearDown(org.testng.ITestResult)[pri:0, instance:com.carbooking.gui.tests.negative.BookingNegativeTests@5cf87cfd]" started-at="2026-03-26T22:35:42 CET" name="tearDown" finished-at="2026-03-26T22:35:42 CET" duration-ms="572" status="PASS">
          <params>
            <param index="0">
              <value>
                <![CDATA[[TestResult name=testBookingInPastDates status=FAILURE method=BookingNegativeTests.testBookingInPastDates()[pri:1, instance:com.carbooking.gui.tests.negative.BookingNegativeTests@5cf87cfd] output={null}]]]>
              </value>
            </param>
          </params>
          <reporter-output>
          </reporter-output>
        </test-method> <!-- tearDown -->
        <test-method is-config="true" signature="setUp(java.lang.String)[pri:0, instance:com.carbooking.gui.tests.negative.BookingNegativeTests@5cf87cfd]" started-at="2026-03-26T22:35:56 CET" name="setUp" finished-at="2026-03-26T22:35:57 CET" duration-ms="1002" status="PASS">
          <params>
            <param index="0">
              <value>
                <![CDATA[chrome]]>
              </value>
            </param>
          </params>
          <reporter-output>
          </reporter-output>
        </test-method> <!-- setUp -->
        <test-method signature="testBookingWithoutLogin()[pri:2, instance:com.carbooking.gui.tests.negative.BookingNegativeTests@5cf87cfd]" started-at="2026-03-26T22:35:57 CET" name="testBookingWithoutLogin" finished-at="2026-03-26T22:36:07 CET" duration-ms="10175" status="PASS">
          <reporter-output>
          </reporter-output>
        </test-method> <!-- testBookingWithoutLogin -->
        <test-method is-config="true" signature="tearDown(org.testng.ITestResult)[pri:0, instance:com.carbooking.gui.tests.negative.BookingNegativeTests@5cf87cfd]" started-at="2026-03-26T22:36:07 CET" name="tearDown" finished-at="2026-03-26T22:36:07 CET" duration-ms="157" status="PASS">
          <params>
            <param index="0">
              <value>
                <![CDATA[[TestResult name=testBookingWithoutLogin status=SUCCESS method=BookingNegativeTests.testBookingWithoutLogin()[pri:2, instance:com.carbooking.gui.tests.negative.BookingNegativeTests@5cf87cfd] output={null}]]]>
              </value>
            </param>
          </params>
          <reporter-output>
          </reporter-output>
        </test-method> <!-- tearDown -->
      </class> <!-- com.carbooking.gui.tests.negative.BookingNegativeTests -->
      <class name="com.carbooking.gui.tests.negative.RegistrationNegativeTests">
        <test-method is-config="true" signature="setUp(java.lang.String)[pri:0, instance:com.carbooking.gui.tests.negative.RegistrationNegativeTests@3a4ba480]" started-at="2026-03-26T22:34:33 CET" name="setUp" finished-at="2026-03-26T22:34:34 CET" duration-ms="954" status="PASS">
          <params>
            <param index="0">
              <value>
                <![CDATA[chrome]]>
              </value>
            </param>
          </params>
          <reporter-output>
          </reporter-output>
        </test-method> <!-- setUp -->
        <test-method signature="testRegistrationWithExistingEmail()[pri:0, instance:com.carbooking.gui.tests.negative.RegistrationNegativeTests@3a4ba480]" started-at="2026-03-26T22:34:34 CET" name="testRegistrationWithExistingEmail" finished-at="2026-03-26T22:34:47 CET" duration-ms="12696" status="PASS">
          <reporter-output>
          </reporter-output>
        </test-method> <!-- testRegistrationWithExistingEmail -->
        <test-method is-config="true" signature="tearDown(org.testng.ITestResult)[pri:0, instance:com.carbooking.gui.tests.negative.RegistrationNegativeTests@3a4ba480]" started-at="2026-03-26T22:34:47 CET" name="tearDown" finished-at="2026-03-26T22:34:47 CET" duration-ms="184" status="PASS">
          <params>
            <param index="0">
              <value>
                <![CDATA[[TestResult name=testRegistrationWithExistingEmail status=SUCCESS method=RegistrationNegativeTests.testRegistrationWithExistingEmail()[pri:0, instance:com.carbooking.gui.tests.negative.RegistrationNegativeTests@3a4ba480] output={null}]]]>
              </value>
            </param>
          </params>
          <reporter-output>
          </reporter-output>
        </test-method> <!-- tearDown -->
      </class> <!-- com.carbooking.gui.tests.negative.RegistrationNegativeTests -->
      <class name="com.carbooking.gui.tests.FirstTest">
        <test-method is-config="true" signature="setUp(java.lang.String)[pri:0, instance:com.carbooking.gui.tests.FirstTest@27b71f50]" started-at="2026-03-26T22:33:50 CET" name="setUp" finished-at="2026-03-26T22:33:52 CET" duration-ms="2691" status="PASS">
          <params>
            <param index="0">
              <value>
                <![CDATA[chrome]]>
              </value>
            </param>
          </params>
          <reporter-output>
          </reporter-output>
        </test-method> <!-- setUp -->
        <test-method signature="testOpenBrowser()[pri:0, instance:com.carbooking.gui.tests.FirstTest@27b71f50]" started-at="2026-03-26T22:33:52 CET" name="testOpenBrowser" finished-at="2026-03-26T22:33:52 CET" duration-ms="44" status="PASS">
          <reporter-output>
          </reporter-output>
        </test-method> <!-- testOpenBrowser -->
        <test-method is-config="true" signature="tearDown(org.testng.ITestResult)[pri:0, instance:com.carbooking.gui.tests.FirstTest@27b71f50]" started-at="2026-03-26T22:33:52 CET" name="tearDown" finished-at="2026-03-26T22:33:53 CET" duration-ms="238" status="PASS">
          <params>
            <param index="0">
              <value>
                <![CDATA[[TestResult name=testOpenBrowser status=SUCCESS method=FirstTest.testOpenBrowser()[pri:0, instance:com.carbooking.gui.tests.FirstTest@27b71f50] output={null}]]]>
              </value>
            </param>
          </params>
          <reporter-output>
          </reporter-output>
        </test-method> <!-- tearDown -->
      </class> <!-- com.carbooking.gui.tests.FirstTest -->
      <class name="com.carbooking.gui.tests.negative.LoginNegativeTests">
        <test-method is-config="true" signature="setUp(java.lang.String)[pri:0, instance:com.carbooking.gui.tests.negative.LoginNegativeTests@76075d65]" started-at="2026-03-26T22:35:42 CET" name="setUp" finished-at="2026-03-26T22:35:43 CET" duration-ms="879" status="PASS">
          <params>
            <param index="0">
              <value>
                <![CDATA[chrome]]>
              </value>
            </param>
          </params>
          <reporter-output>
          </reporter-output>
        </test-method> <!-- setUp -->
        <test-method signature="loginWithInvalidPassword()[pri:1, instance:com.carbooking.gui.tests.negative.LoginNegativeTests@76075d65]" started-at="2026-03-26T22:35:43 CET" name="loginWithInvalidPassword" finished-at="2026-03-26T22:35:56 CET" duration-ms="12466" status="PASS">
          <reporter-output>
          </reporter-output>
        </test-method> <!-- loginWithInvalidPassword -->
        <test-method is-config="true" signature="tearDown(org.testng.ITestResult)[pri:0, instance:com.carbooking.gui.tests.negative.LoginNegativeTests@76075d65]" started-at="2026-03-26T22:35:56 CET" name="tearDown" finished-at="2026-03-26T22:35:56 CET" duration-ms="224" status="PASS">
          <params>
            <param index="0">
              <value>
                <![CDATA[[TestResult name=loginWithInvalidPassword status=SUCCESS method=LoginNegativeTests.loginWithInvalidPassword()[pri:1, instance:com.carbooking.gui.tests.negative.LoginNegativeTests@76075d65] output={null}]]]>
              </value>
            </param>
          </params>
          <reporter-output>
          </reporter-output>
        </test-method> <!-- tearDown -->
        <test-method is-config="true" signature="setUp(java.lang.String)[pri:0, instance:com.carbooking.gui.tests.negative.LoginNegativeTests@76075d65]" started-at="2026-03-26T22:36:07 CET" name="setUp" finished-at="2026-03-26T22:36:08 CET" duration-ms="880" status="PASS">
          <params>
            <param index="0">
              <value>
                <![CDATA[chrome]]>
              </value>
            </param>
          </params>
          <reporter-output>
          </reporter-output>
        </test-method> <!-- setUp -->
        <test-method signature="loginWithEmptyEmail()[pri:2, instance:com.carbooking.gui.tests.negative.LoginNegativeTests@76075d65]" started-at="2026-03-26T22:36:08 CET" name="loginWithEmptyEmail" finished-at="2026-03-26T22:36:19 CET" duration-ms="10452" status="PASS">
          <reporter-output>
          </reporter-output>
        </test-method> <!-- loginWithEmptyEmail -->
        <test-method is-config="true" signature="tearDown(org.testng.ITestResult)[pri:0, instance:com.carbooking.gui.tests.negative.LoginNegativeTests@76075d65]" started-at="2026-03-26T22:36:19 CET" name="tearDown" finished-at="2026-03-26T22:36:19 CET" duration-ms="175" status="PASS">
          <params>
            <param index="0">
              <value>
                <![CDATA[[TestResult name=loginWithEmptyEmail status=SUCCESS method=LoginNegativeTests.loginWithEmptyEmail()[pri:2, instance:com.carbooking.gui.tests.negative.LoginNegativeTests@76075d65] output={null}]]]>
              </value>
            </param>
          </params>
          <reporter-output>
          </reporter-output>
        </test-method> <!-- tearDown -->
        <test-method is-config="true" signature="setUp(java.lang.String)[pri:0, instance:com.carbooking.gui.tests.negative.LoginNegativeTests@76075d65]" started-at="2026-03-26T22:36:19 CET" name="setUp" finished-at="2026-03-26T22:36:20 CET" duration-ms="890" status="PASS">
          <params>
            <param index="0">
              <value>
                <![CDATA[chrome]]>
              </value>
            </param>
          </params>
          <reporter-output>
          </reporter-output>
        </test-method> <!-- setUp -->
        <test-method signature="loginWithInvalidEmailFormat()[pri:3, instance:com.carbooking.gui.tests.negative.LoginNegativeTests@76075d65]" started-at="2026-03-26T22:36:20 CET" name="loginWithInvalidEmailFormat" finished-at="2026-03-26T22:36:30 CET" duration-ms="10422" status="PASS">
          <reporter-output>
          </reporter-output>
        </test-method> <!-- loginWithInvalidEmailFormat -->
        <test-method is-config="true" signature="tearDown(org.testng.ITestResult)[pri:0, instance:com.carbooking.gui.tests.negative.LoginNegativeTests@76075d65]" started-at="2026-03-26T22:36:30 CET" name="tearDown" finished-at="2026-03-26T22:36:30 CET" duration-ms="158" status="PASS">
          <params>
            <param index="0">
              <value>
                <![CDATA[[TestResult name=loginWithInvalidEmailFormat status=SUCCESS method=LoginNegativeTests.loginWithInvalidEmailFormat()[pri:3, instance:com.carbooking.gui.tests.negative.LoginNegativeTests@76075d65] output={null}]]]>
              </value>
            </param>
          </params>
          <reporter-output>
          </reporter-output>
        </test-method> <!-- tearDown -->
      </class> <!-- com.carbooking.gui.tests.negative.LoginNegativeTests -->
      <class name="com.carbooking.gui.tests.positive.BookingPositiveTests">
        <test-method is-config="true" signature="setUp(java.lang.String)[pri:0, instance:com.carbooking.gui.tests.positive.BookingPositiveTests@4078695f]" started-at="2026-03-26T22:33:53 CET" name="setUp" finished-at="2026-03-26T22:33:54 CET" duration-ms="1243" status="PASS">
          <params>
            <param index="0">
              <value>
                <![CDATA[chrome]]>
              </value>
            </param>
          </params>
          <reporter-output>
          </reporter-output>
        </test-method> <!-- setUp -->
        <test-method signature="testCarBookingSuccess()[pri:0, instance:com.carbooking.gui.tests.positive.BookingPositiveTests@4078695f]" started-at="2026-03-26T22:33:54 CET" name="testCarBookingSuccess" finished-at="2026-03-26T22:34:25 CET" duration-ms="31209" status="FAIL">
          <exception class="org.openqa.selenium.TimeoutException">
            <message>
              <![CDATA[Expected condition failed: waiting for visibility of Proxy element for: DefaultElementLocator 'By.name: pickupDate' (tried for 20 second(s) with 500 milliseconds interval)]]>
            </message>
            <full-stacktrace>
              <![CDATA[org.openqa.selenium.TimeoutException: Expected condition failed: waiting for visibility of Proxy element for: DefaultElementLocator 'By.name: pickupDate' (tried for 20 second(s) with 500 milliseconds interval)
at org.openqa.selenium.support.ui.WebDriverWait.timeoutException(WebDriverWait.java:84)
at org.openqa.selenium.support.ui.FluentWait.until(FluentWait.java:229)
at com.carbooking.gui.pages.BookingPage.fillDatesAndSearch(BookingPage.java:37)
at com.carbooking.gui.tests.positive.BookingPositiveTests.testCarBookingSuccess(BookingPositiveTests.java:25)
at java.base/jdk.internal.reflect.DirectMethodHandleAccessor.invoke(DirectMethodHandleAccessor.java:103)
at java.base/java.lang.reflect.Method.invoke(Method.java:580)
at org.testng.internal.invokers.MethodInvocationHelper.invokeMethod(MethodInvocationHelper.java:139)
at org.testng.internal.invokers.TestInvoker.invokeMethod(TestInvoker.java:664)
at org.testng.internal.invokers.TestInvoker.invokeTestMethod(TestInvoker.java:227)
at org.testng.internal.invokers.MethodRunner.runInSequence(MethodRunner.java:50)
at org.testng.internal.invokers.TestInvoker$MethodInvocationAgent.invoke(TestInvoker.java:957)
at org.testng.internal.invokers.TestInvoker.invokeTestMethods(TestInvoker.java:200)
at org.testng.internal.invokers.TestMethodWorker.invokeTestMethods(TestMethodWorker.java:148)
at org.testng.internal.invokers.TestMethodWorker.run(TestMethodWorker.java:128)
at java.base/java.util.ArrayList.forEach(ArrayList.java:1596)
at org.testng.TestRunner.privateRun(TestRunner.java:848)
at org.testng.TestRunner.run(TestRunner.java:621)
at org.testng.SuiteRunner.runTest(SuiteRunner.java:443)
at org.testng.SuiteRunner$SuiteWorker.run(SuiteRunner.java:481)
at org.testng.internal.thread.ThreadUtil.lambda$execute$0(ThreadUtil.java:58)
at java.base/java.util.concurrent.FutureTask.run(FutureTask.java:317)
at java.base/java.util.concurrent.ThreadPoolExecutor.runWorker(ThreadPoolExecutor.java:1144)
at java.base/java.util.concurrent.ThreadPoolExecutor$Worker.run(ThreadPoolExecutor.java:642)
at java.base/java.lang.Thread.run(Thread.java:1583)
Caused by: org.openqa.selenium.NoSuchElementException: no such element: Unable to locate element: {"method":"css selector","selector":"*[name='pickupDate']"}
  (Session info: chrome=146.0.7680.165)
For documentation on this error, please visit: https://www.selenium.dev/documentation/webdriver/troubleshooting/errors#no-such-element-exception
Build info: version: '4.16.1', revision: '9b4c83354e'
System info: os.name: 'Windows 11', os.arch: 'amd64', os.version: '10.0', java.version: '21.0.10'
Driver info: org.openqa.selenium.chrome.ChromeDriver
Command: [7aa36205608fb7dbe0a2100c3b5f210b, findElement {using=name, value=pickupDate}]
Capabilities {acceptInsecureCerts: false, browserName: chrome, browserVersion: 146.0.7680.165, chrome: {chromedriverVersion: 146.0.7680.165 (4b989da09e1..., userDataDir: C:\Users\ohanz\AppData\Loca...}, fedcm:accounts: true, goog:chromeOptions: {debuggerAddress: localhost:54053}, goog:processID: 14784, networkConnectionEnabled: false, pageLoadStrategy: normal, platformName: windows, proxy: Proxy(), se:cdp: ws://localhost:54053/devtoo..., se:cdpVersion: 146.0.7680.165, setWindowRect: true, strictFileInteractability: false, timeouts: {implicit: 0, pageLoad: 300000, script: 30000}, unhandledPromptBehavior: dismiss and notify, webauthn:extension:credBlob: true, webauthn:extension:largeBlob: true, webauthn:extension:minPinLength: true, webauthn:extension:prf: true, webauthn:virtualAuthenticators: true}
Session ID: 7aa36205608fb7dbe0a2100c3b5f210b
at java.base/jdk.internal.reflect.DirectConstructorHandleAccessor.newInstance(DirectConstructorHandleAccessor.java:62)
at java.base/java.lang.reflect.Constructor.newInstanceWithCaller(Constructor.java:502)
at java.base/java.lang.reflect.Constructor.newInstance(Constructor.java:486)
at org.openqa.selenium.remote.codec.w3c.W3CHttpResponseCodec.createException(W3CHttpResponseCodec.java:200)
at org.openqa.selenium.remote.codec.w3c.W3CHttpResponseCodec.decode(W3CHttpResponseCodec.java:133)
at org.openqa.selenium.remote.codec.w3c.W3CHttpResponseCodec.decode(W3CHttpResponseCodec.java:52)
at org.openqa.selenium.remote.HttpCommandExecutor.execute(HttpCommandExecutor.java:191)
at org.openqa.selenium.remote.service.DriverCommandExecutor.invokeExecute(DriverCommandExecutor.java:200)
at org.openqa.selenium.remote.service.DriverCommandExecutor.execute(DriverCommandExecutor.java:175)
at org.openqa.selenium.remote.RemoteWebDriver.execute(RemoteWebDriver.java:523)
at org.openqa.selenium.remote.ElementLocation$ElementFinder$2.findElement(ElementLocation.java:165)
at org.openqa.selenium.remote.ElementLocation.findElement(ElementLocation.java:59)
at org.openqa.selenium.remote.RemoteWebDriver.findElement(RemoteWebDriver.java:360)
at org.openqa.selenium.remote.RemoteWebDriver.findElement(RemoteWebDriver.java:354)
at org.openqa.selenium.support.pagefactory.DefaultElementLocator.findElement(DefaultElementLocator.java:68)
at org.openqa.selenium.support.pagefactory.internal.LocatingElementHandler.invoke(LocatingElementHandler.java:38)
at jdk.proxy2/jdk.proxy2.$Proxy16.isDisplayed(Unknown Source)
at org.openqa.selenium.support.ui.ExpectedConditions.elementIfVisible(ExpectedConditions.java:304)
at org.openqa.selenium.support.ui.ExpectedConditions$10.apply(ExpectedConditions.java:290)
at org.openqa.selenium.support.ui.ExpectedConditions$10.apply(ExpectedConditions.java:287)
at org.openqa.selenium.support.ui.FluentWait.until(FluentWait.java:204)
... 22 more
]]>
            </full-stacktrace>
          </exception> <!-- org.openqa.selenium.TimeoutException -->
          <reporter-output>
          </reporter-output>
        </test-method> <!-- testCarBookingSuccess -->
        <test-method is-config="true" signature="tearDown(org.testng.ITestResult)[pri:0, instance:com.carbooking.gui.tests.positive.BookingPositiveTests@4078695f]" started-at="2026-03-26T22:34:26 CET" name="tearDown" finished-at="2026-03-26T22:34:26 CET" duration-ms="592" status="PASS">
          <params>
            <param index="0">
              <value>
                <![CDATA[[TestResult name=testCarBookingSuccess status=FAILURE method=BookingPositiveTests.testCarBookingSuccess()[pri:0, instance:com.carbooking.gui.tests.positive.BookingPositiveTests@4078695f] output={null}]]]>
              </value>
            </param>
          </params>
          <reporter-output>
          </reporter-output>
        </test-method> <!-- tearDown -->
      </class> <!-- com.carbooking.gui.tests.positive.BookingPositiveTests -->
      <class name="com.carbooking.gui.tests.positive.LoginPositiveTests">
        <test-method is-config="true" signature="setUp(java.lang.String)[pri:0, instance:com.carbooking.gui.tests.positive.LoginPositiveTests@1bbae752]" started-at="2026-03-26T22:34:29 CET" name="setUp" finished-at="2026-03-26T22:34:30 CET" duration-ms="917" status="PASS">
          <params>
            <param index="0">
              <value>
                <![CDATA[chrome]]>
              </value>
            </param>
          </params>
          <reporter-output>
          </reporter-output>
        </test-method> <!-- setUp -->
        <test-method signature="loginPositiveTest()[pri:0, instance:com.carbooking.gui.tests.positive.LoginPositiveTests@1bbae752]" started-at="2026-03-26T22:34:30 CET" name="loginPositiveTest" finished-at="2026-03-26T22:34:33 CET" duration-ms="3437" status="PASS">
          <reporter-output>
          </reporter-output>
        </test-method> <!-- loginPositiveTest -->
        <test-method is-config="true" signature="tearDown(org.testng.ITestResult)[pri:0, instance:com.carbooking.gui.tests.positive.LoginPositiveTests@1bbae752]" started-at="2026-03-26T22:34:33 CET" name="tearDown" finished-at="2026-03-26T22:34:33 CET" duration-ms="174" status="PASS">
          <params>
            <param index="0">
              <value>
                <![CDATA[[TestResult name=loginPositiveTest status=SUCCESS method=LoginPositiveTests.loginPositiveTest()[pri:0, instance:com.carbooking.gui.tests.positive.LoginPositiveTests@1bbae752] output={null}]]]>
              </value>
            </param>
          </params>
          <reporter-output>
          </reporter-output>
        </test-method> <!-- tearDown -->
      </class> <!-- com.carbooking.gui.tests.positive.LoginPositiveTests -->
      <class name="com.carbooking.gui.tests.SecurityTests">
        <test-method is-config="true" signature="setUp(java.lang.String)[pri:0, instance:com.carbooking.gui.tests.SecurityTests@383790cf]" started-at="2026-03-26T22:34:26 CET" name="setUp" finished-at="2026-03-26T22:34:27 CET" duration-ms="878" status="PASS">
          <params>
            <param index="0">
              <value>
                <![CDATA[chrome]]>
              </value>
            </param>
          </params>
          <reporter-output>
          </reporter-output>
        </test-method> <!-- setUp -->
        <test-method signature="findIdorThreat()[pri:0, instance:com.carbooking.gui.tests.SecurityTests@383790cf]" started-at="2026-03-26T22:34:27 CET" name="findIdorThreat" description="Проверка на угрозу IDOR" finished-at="2026-03-26T22:34:27 CET" duration-ms="12" status="PASS">
          <reporter-output>
          </reporter-output>
        </test-method> <!-- findIdorThreat -->
        <test-method is-config="true" signature="tearDown(org.testng.ITestResult)[pri:0, instance:com.carbooking.gui.tests.SecurityTests@383790cf]" started-at="2026-03-26T22:34:27 CET" name="tearDown" finished-at="2026-03-26T22:34:27 CET" duration-ms="127" status="PASS">
          <params>
            <param index="0">
              <value>
                <![CDATA[[TestResult name=findIdorThreat status=SUCCESS method=SecurityTests.findIdorThreat()[pri:0, instance:com.carbooking.gui.tests.SecurityTests@383790cf] output={null}]]]>
              </value>
            </param>
          </params>
          <reporter-output>
          </reporter-output>
        </test-method> <!-- tearDown -->
        <test-method is-config="true" signature="setUp(java.lang.String)[pri:0, instance:com.carbooking.gui.tests.SecurityTests@383790cf]" started-at="2026-03-26T22:34:27 CET" name="setUp" finished-at="2026-03-26T22:34:28 CET" duration-ms="920" status="PASS">
          <params>
            <param index="0">
              <value>
                <![CDATA[chrome]]>
              </value>
            </param>
          </params>
          <reporter-output>
          </reporter-output>
        </test-method> <!-- setUp -->
        <test-method signature="testSqlInjectionInput()[pri:0, instance:com.carbooking.gui.tests.SecurityTests@383790cf]" started-at="2026-03-26T22:34:28 CET" name="testSqlInjectionInput" description="Тест на SQL Injection в поле логина" finished-at="2026-03-26T22:34:29 CET" duration-ms="421" status="PASS">
          <reporter-output>
          </reporter-output>
        </test-method> <!-- testSqlInjectionInput -->
        <test-method is-config="true" signature="tearDown(org.testng.ITestResult)[pri:0, instance:com.carbooking.gui.tests.SecurityTests@383790cf]" started-at="2026-03-26T22:34:29 CET" name="tearDown" finished-at="2026-03-26T22:34:29 CET" duration-ms="139" status="PASS">
          <params>
            <param index="0">
              <value>
                <![CDATA[[TestResult name=testSqlInjectionInput status=SUCCESS method=SecurityTests.testSqlInjectionInput()[pri:0, instance:com.carbooking.gui.tests.SecurityTests@383790cf] output={null}]]]>
              </value>
            </param>
          </params>
          <reporter-output>
          </reporter-output>
        </test-method> <!-- tearDown -->
      </class> <!-- com.carbooking.gui.tests.SecurityTests -->
    </test> <!-- Chrome Tests -->
    <test started-at="2026-03-26T22:36:30 CET" name="API Tests" finished-at="2026-03-26T22:36:36 CET" duration-ms="5824">
      <class name="com.carbooking.taskApp.api.tests.CarApiTest">
        <test-method is-config="true" signature="setup()[pri:0, instance:com.carbooking.taskApp.api.tests.CarApiTest@15fa55a6]" started-at="2026-03-26T22:33:49 CET" name="setup" finished-at="2026-03-26T22:33:49 CET" duration-ms="600" status="PASS">
          <reporter-output>
          </reporter-output>
        </test-method> <!-- setup -->
        <test-method signature="testGetAllCars_ShouldReturn200()[pri:0, instance:com.carbooking.taskApp.api.tests.CarApiTest@15fa55a6]" started-at="2026-03-26T22:36:30 CET" name="testGetAllCars_ShouldReturn200" finished-at="2026-03-26T22:36:33 CET" duration-ms="2162" status="FAIL">
          <exception class="java.lang.AssertionError">
            <message>
              <![CDATA[Failed to retrieve the list of cars! expected [200] but found [404]]]>
            </message>
            <full-stacktrace>
              <![CDATA[java.lang.AssertionError: Failed to retrieve the list of cars! expected [200] but found [404]
at org.testng.Assert.fail(Assert.java:111)
at org.testng.Assert.failNotEquals(Assert.java:1578)
at org.testng.Assert.assertEqualsImpl(Assert.java:150)
at org.testng.Assert.assertEquals(Assert.java:132)
at org.testng.Assert.assertEquals(Assert.java:1419)
at org.testng.Assert.assertEquals(Assert.java:1383)
at com.carbooking.taskApp.api.tests.CarApiTest.testGetAllCars_ShouldReturn200(CarApiTest.java:54)
at java.base/jdk.internal.reflect.DirectMethodHandleAccessor.invoke(DirectMethodHandleAccessor.java:103)
at java.base/java.lang.reflect.Method.invoke(Method.java:580)
at org.testng.internal.invokers.MethodInvocationHelper.invokeMethod(MethodInvocationHelper.java:139)
at org.testng.internal.invokers.TestInvoker.invokeMethod(TestInvoker.java:664)
at org.testng.internal.invokers.TestInvoker.invokeTestMethod(TestInvoker.java:227)
at org.testng.internal.invokers.MethodRunner.runInSequence(MethodRunner.java:50)
at org.testng.internal.invokers.TestInvoker$MethodInvocationAgent.invoke(TestInvoker.java:957)
at org.testng.internal.invokers.TestInvoker.invokeTestMethods(TestInvoker.java:200)
at org.testng.internal.invokers.TestMethodWorker.invokeTestMethods(TestMethodWorker.java:148)
at org.testng.internal.invokers.TestMethodWorker.run(TestMethodWorker.java:128)
at java.base/java.util.ArrayList.forEach(ArrayList.java:1596)
at org.testng.TestRunner.privateRun(TestRunner.java:848)
at org.testng.TestRunner.run(TestRunner.java:621)
at org.testng.SuiteRunner.runTest(SuiteRunner.java:443)
at org.testng.SuiteRunner$SuiteWorker.run(SuiteRunner.java:481)
at org.testng.internal.thread.ThreadUtil.lambda$execute$0(ThreadUtil.java:58)
at java.base/java.util.concurrent.FutureTask.run(FutureTask.java:317)
at java.base/java.util.concurrent.ThreadPoolExecutor.runWorker(ThreadPoolExecutor.java:1144)
at java.base/java.util.concurrent.ThreadPoolExecutor$Worker.run(ThreadPoolExecutor.java:642)
at java.base/java.lang.Thread.run(Thread.java:1583)
]]>
            </full-stacktrace>
          </exception> <!-- java.lang.AssertionError -->
          <reporter-output>
          </reporter-output>
        </test-method> <!-- testGetAllCars_ShouldReturn200 -->
        <test-method signature="testGetCarById_InvalidIdFormat_ShouldReturn400()[pri:0, instance:com.carbooking.taskApp.api.tests.CarApiTest@15fa55a6]" started-at="2026-03-26T22:36:33 CET" name="testGetCarById_InvalidIdFormat_ShouldReturn400" finished-at="2026-03-26T22:36:33 CET" duration-ms="304" status="PASS">
          <reporter-output>
          </reporter-output>
        </test-method> <!-- testGetCarById_InvalidIdFormat_ShouldReturn400 -->
        <test-method signature="testGetCarById_NegativeId_ShouldReturn400()[pri:0, instance:com.carbooking.taskApp.api.tests.CarApiTest@15fa55a6]" started-at="2026-03-26T22:36:33 CET" name="testGetCarById_NegativeId_ShouldReturn400" finished-at="2026-03-26T22:36:33 CET" duration-ms="333" status="PASS">
          <reporter-output>
          </reporter-output>
        </test-method> <!-- testGetCarById_NegativeId_ShouldReturn400 -->
        <test-method signature="testGetCarById_NonExistingId_ShouldReturn404()[pri:0, instance:com.carbooking.taskApp.api.tests.CarApiTest@15fa55a6]" started-at="2026-03-26T22:36:33 CET" name="testGetCarById_NonExistingId_ShouldReturn404" finished-at="2026-03-26T22:36:34 CET" duration-ms="361" status="PASS">
          <reporter-output>
          </reporter-output>
        </test-method> <!-- testGetCarById_NonExistingId_ShouldReturn404 -->
        <test-method signature="testGetCarById_WithoutAuth_ShouldWork()[pri:0, instance:com.carbooking.taskApp.api.tests.CarApiTest@15fa55a6]" started-at="2026-03-26T22:36:34 CET" name="testGetCarById_WithoutAuth_ShouldWork" finished-at="2026-03-26T22:36:34 CET" duration-ms="330" status="PASS">
          <reporter-output>
          </reporter-output>
        </test-method> <!-- testGetCarById_WithoutAuth_ShouldWork -->
        <test-method signature="testGetCarById_ZeroId_ShouldReturn400()[pri:0, instance:com.carbooking.taskApp.api.tests.CarApiTest@15fa55a6]" started-at="2026-03-26T22:36:34 CET" name="testGetCarById_ZeroId_ShouldReturn400" finished-at="2026-03-26T22:36:34 CET" duration-ms="336" status="PASS">
          <reporter-output>
          </reporter-output>
        </test-method> <!-- testGetCarById_ZeroId_ShouldReturn400 -->
        <test-method signature="testGetCarByNonExistentId_ShouldReturn404()[pri:0, instance:com.carbooking.taskApp.api.tests.CarApiTest@15fa55a6]" started-at="2026-03-26T22:36:34 CET" name="testGetCarByNonExistentId_ShouldReturn404" finished-at="2026-03-26T22:36:35 CET" duration-ms="344" status="PASS">
          <reporter-output>
          </reporter-output>
        </test-method> <!-- testGetCarByNonExistentId_ShouldReturn404 -->
        <test-method signature="testGetCarTypes_ShouldReturn200()[pri:0, instance:com.carbooking.taskApp.api.tests.CarApiTest@15fa55a6]" started-at="2026-03-26T22:36:35 CET" name="testGetCarTypes_ShouldReturn200" finished-at="2026-03-26T22:36:35 CET" duration-ms="331" status="FAIL">
          <exception class="java.lang.AssertionError">
            <message>
              <![CDATA[Error!401 or 500) expected [200] but found [404]]]>
            </message>
            <full-stacktrace>
              <![CDATA[java.lang.AssertionError: Error!401 or 500) expected [200] but found [404]
at org.testng.Assert.fail(Assert.java:111)
at org.testng.Assert.failNotEquals(Assert.java:1578)
at org.testng.Assert.assertEqualsImpl(Assert.java:150)
at org.testng.Assert.assertEquals(Assert.java:132)
at org.testng.Assert.assertEquals(Assert.java:1419)
at org.testng.Assert.assertEquals(Assert.java:1383)
at com.carbooking.taskApp.api.tests.CarApiTest.testGetCarTypes_ShouldReturn200(CarApiTest.java:32)
at java.base/jdk.internal.reflect.DirectMethodHandleAccessor.invoke(DirectMethodHandleAccessor.java:103)
at java.base/java.lang.reflect.Method.invoke(Method.java:580)
at org.testng.internal.invokers.MethodInvocationHelper.invokeMethod(MethodInvocationHelper.java:139)
at org.testng.internal.invokers.TestInvoker.invokeMethod(TestInvoker.java:664)
at org.testng.internal.invokers.TestInvoker.invokeTestMethod(TestInvoker.java:227)
at org.testng.internal.invokers.MethodRunner.runInSequence(MethodRunner.java:50)
at org.testng.internal.invokers.TestInvoker$MethodInvocationAgent.invoke(TestInvoker.java:957)
at org.testng.internal.invokers.TestInvoker.invokeTestMethods(TestInvoker.java:200)
at org.testng.internal.invokers.TestMethodWorker.invokeTestMethods(TestMethodWorker.java:148)
at org.testng.internal.invokers.TestMethodWorker.run(TestMethodWorker.java:128)
at java.base/java.util.ArrayList.forEach(ArrayList.java:1596)
at org.testng.TestRunner.privateRun(TestRunner.java:848)
at org.testng.TestRunner.run(TestRunner.java:621)
at org.testng.SuiteRunner.runTest(SuiteRunner.java:443)
at org.testng.SuiteRunner$SuiteWorker.run(SuiteRunner.java:481)
at org.testng.internal.thread.ThreadUtil.lambda$execute$0(ThreadUtil.java:58)
at java.base/java.util.concurrent.FutureTask.run(FutureTask.java:317)
at java.base/java.util.concurrent.ThreadPoolExecutor.runWorker(ThreadPoolExecutor.java:1144)
at java.base/java.util.concurrent.ThreadPoolExecutor$Worker.run(ThreadPoolExecutor.java:642)
at java.base/java.lang.Thread.run(Thread.java:1583)
]]>
            </full-stacktrace>
          </exception> <!-- java.lang.AssertionError -->
          <reporter-output>
          </reporter-output>
        </test-method> <!-- testGetCarTypes_ShouldReturn200 -->
        <test-method signature="testGetCars_CombinedFilters_ShouldWork()[pri:0, instance:com.carbooking.taskApp.api.tests.CarApiTest@15fa55a6]" started-at="2026-03-26T22:36:35 CET" name="testGetCars_CombinedFilters_ShouldWork" finished-at="2026-03-26T22:36:35 CET" duration-ms="350" status="FAIL">
          <exception class="java.lang.AssertionError">
            <message>
              <![CDATA[expected [200] but found [404]]]>
            </message>
            <full-stacktrace>
              <![CDATA[java.lang.AssertionError: expected [200] but found [404]
at org.testng.Assert.fail(Assert.java:111)
at org.testng.Assert.failNotEquals(Assert.java:1578)
at org.testng.Assert.assertEqualsImpl(Assert.java:150)
at org.testng.Assert.assertEquals(Assert.java:132)
at org.testng.Assert.assertEquals(Assert.java:1419)
at org.testng.Assert.assertEquals(Assert.java:1383)
at org.testng.Assert.assertEquals(Assert.java:1429)
at com.carbooking.taskApp.api.tests.CarApiTest.testGetCars_CombinedFilters_ShouldWork(CarApiTest.java:116)
at java.base/jdk.internal.reflect.DirectMethodHandleAccessor.invoke(DirectMethodHandleAccessor.java:103)
at java.base/java.lang.reflect.Method.invoke(Method.java:580)
at org.testng.internal.invokers.MethodInvocationHelper.invokeMethod(MethodInvocationHelper.java:139)
at org.testng.internal.invokers.TestInvoker.invokeMethod(TestInvoker.java:664)
at org.testng.internal.invokers.TestInvoker.invokeTestMethod(TestInvoker.java:227)
at org.testng.internal.invokers.MethodRunner.runInSequence(MethodRunner.java:50)
at org.testng.internal.invokers.TestInvoker$MethodInvocationAgent.invoke(TestInvoker.java:957)
at org.testng.internal.invokers.TestInvoker.invokeTestMethods(TestInvoker.java:200)
at org.testng.internal.invokers.TestMethodWorker.invokeTestMethods(TestMethodWorker.java:148)
at org.testng.internal.invokers.TestMethodWorker.run(TestMethodWorker.java:128)
at java.base/java.util.ArrayList.forEach(ArrayList.java:1596)
at org.testng.TestRunner.privateRun(TestRunner.java:848)
at org.testng.TestRunner.run(TestRunner.java:621)
at org.testng.SuiteRunner.runTest(SuiteRunner.java:443)
at org.testng.SuiteRunner$SuiteWorker.run(SuiteRunner.java:481)
at org.testng.internal.thread.ThreadUtil.lambda$execute$0(ThreadUtil.java:58)
at java.base/java.util.concurrent.FutureTask.run(FutureTask.java:317)
at java.base/java.util.concurrent.ThreadPoolExecutor.runWorker(ThreadPoolExecutor.java:1144)
at java.base/java.util.concurrent.ThreadPoolExecutor$Worker.run(ThreadPoolExecutor.java:642)
at java.base/java.lang.Thread.run(Thread.java:1583)
]]>
            </full-stacktrace>
          </exception> <!-- java.lang.AssertionError -->
          <reporter-output>
          </reporter-output>
        </test-method> <!-- testGetCars_CombinedFilters_ShouldWork -->
        <test-method signature="testGetCars_NoCarsAvailable_ShouldReturn200WithEmptyList()[pri:0, instance:com.carbooking.taskApp.api.tests.CarApiTest@15fa55a6]" started-at="2026-03-26T22:36:35 CET" name="testGetCars_NoCarsAvailable_ShouldReturn200WithEmptyList" finished-at="2026-03-26T22:36:36 CET" duration-ms="304" status="FAIL">
          <exception class="java.lang.AssertionError">
            <message>
              <![CDATA[The server should return 200, even if nothing is found expected [200] but found [404]]]>
            </message>
            <full-stacktrace>
              <![CDATA[java.lang.AssertionError: The server should return 200, even if nothing is found expected [200] but found [404]
at org.testng.Assert.fail(Assert.java:111)
at org.testng.Assert.failNotEquals(Assert.java:1578)
at org.testng.Assert.assertEqualsImpl(Assert.java:150)
at org.testng.Assert.assertEquals(Assert.java:132)
at org.testng.Assert.assertEquals(Assert.java:1419)
at org.testng.Assert.assertEquals(Assert.java:1383)
at com.carbooking.taskApp.api.tests.CarApiTest.testGetCars_NoCarsAvailable_ShouldReturn200WithEmptyList(CarApiTest.java:138)
at java.base/jdk.internal.reflect.DirectMethodHandleAccessor.invoke(DirectMethodHandleAccessor.java:103)
at java.base/java.lang.reflect.Method.invoke(Method.java:580)
at org.testng.internal.invokers.MethodInvocationHelper.invokeMethod(MethodInvocationHelper.java:139)
at org.testng.internal.invokers.TestInvoker.invokeMethod(TestInvoker.java:664)
at org.testng.internal.invokers.TestInvoker.invokeTestMethod(TestInvoker.java:227)
at org.testng.internal.invokers.MethodRunner.runInSequence(MethodRunner.java:50)
at org.testng.internal.invokers.TestInvoker$MethodInvocationAgent.invoke(TestInvoker.java:957)
at org.testng.internal.invokers.TestInvoker.invokeTestMethods(TestInvoker.java:200)
at org.testng.internal.invokers.TestMethodWorker.invokeTestMethods(TestMethodWorker.java:148)
at org.testng.internal.invokers.TestMethodWorker.run(TestMethodWorker.java:128)
at java.base/java.util.ArrayList.forEach(ArrayList.java:1596)
at org.testng.TestRunner.privateRun(TestRunner.java:848)
at org.testng.TestRunner.run(TestRunner.java:621)
at org.testng.SuiteRunner.runTest(SuiteRunner.java:443)
at org.testng.SuiteRunner$SuiteWorker.run(SuiteRunner.java:481)
at org.testng.internal.thread.ThreadUtil.lambda$execute$0(ThreadUtil.java:58)
at java.base/java.util.concurrent.FutureTask.run(FutureTask.java:317)
at java.base/java.util.concurrent.ThreadPoolExecutor.runWorker(ThreadPoolExecutor.java:1144)
at java.base/java.util.concurrent.ThreadPoolExecutor$Worker.run(ThreadPoolExecutor.java:642)
at java.base/java.lang.Thread.run(Thread.java:1583)
]]>
            </full-stacktrace>
          </exception> <!-- java.lang.AssertionError -->
          <reporter-output>
          </reporter-output>
        </test-method> <!-- testGetCars_NoCarsAvailable_ShouldReturn200WithEmptyList -->
        <test-method signature="testGetCars_WithDateFilter_ShouldShowCarsFreeOnDates()[pri:0, instance:com.carbooking.taskApp.api.tests.CarApiTest@15fa55a6]" started-at="2026-03-26T22:36:36 CET" name="testGetCars_WithDateFilter_ShouldShowCarsFreeOnDates" finished-at="2026-03-26T22:36:36 CET" duration-ms="318" status="FAIL">
          <exception class="java.lang.AssertionError">
            <message>
              <![CDATA[expected [200] but found [404]]]>
            </message>
            <full-stacktrace>
              <![CDATA[java.lang.AssertionError: expected [200] but found [404]
at org.testng.Assert.fail(Assert.java:111)
at org.testng.Assert.failNotEquals(Assert.java:1578)
at org.testng.Assert.assertEqualsImpl(Assert.java:150)
at org.testng.Assert.assertEquals(Assert.java:132)
at org.testng.Assert.assertEquals(Assert.java:1419)
at org.testng.Assert.assertEquals(Assert.java:1383)
at org.testng.Assert.assertEquals(Assert.java:1429)
at com.carbooking.taskApp.api.tests.CarApiTest.testGetCars_WithDateFilter_ShouldShowCarsFreeOnDates(CarApiTest.java:96)
at java.base/jdk.internal.reflect.DirectMethodHandleAccessor.invoke(DirectMethodHandleAccessor.java:103)
at java.base/java.lang.reflect.Method.invoke(Method.java:580)
at org.testng.internal.invokers.MethodInvocationHelper.invokeMethod(MethodInvocationHelper.java:139)
at org.testng.internal.invokers.TestInvoker.invokeMethod(TestInvoker.java:664)
at org.testng.internal.invokers.TestInvoker.invokeTestMethod(TestInvoker.java:227)
at org.testng.internal.invokers.MethodRunner.runInSequence(MethodRunner.java:50)
at org.testng.internal.invokers.TestInvoker$MethodInvocationAgent.invoke(TestInvoker.java:957)
at org.testng.internal.invokers.TestInvoker.invokeTestMethods(TestInvoker.java:200)
at org.testng.internal.invokers.TestMethodWorker.invokeTestMethods(TestMethodWorker.java:148)
at org.testng.internal.invokers.TestMethodWorker.run(TestMethodWorker.java:128)
at java.base/java.util.ArrayList.forEach(ArrayList.java:1596)
at org.testng.TestRunner.privateRun(TestRunner.java:848)
at org.testng.TestRunner.run(TestRunner.java:621)
at org.testng.SuiteRunner.runTest(SuiteRunner.java:443)
at org.testng.SuiteRunner$SuiteWorker.run(SuiteRunner.java:481)
at org.testng.internal.thread.ThreadUtil.lambda$execute$0(ThreadUtil.java:58)
at java.base/java.util.concurrent.FutureTask.run(FutureTask.java:317)
at java.base/java.util.concurrent.ThreadPoolExecutor.runWorker(ThreadPoolExecutor.java:1144)
at java.base/java.util.concurrent.ThreadPoolExecutor$Worker.run(ThreadPoolExecutor.java:642)
at java.base/java.lang.Thread.run(Thread.java:1583)
]]>
            </full-stacktrace>
          </exception> <!-- java.lang.AssertionError -->
          <reporter-output>
          </reporter-output>
        </test-method> <!-- testGetCars_WithDateFilter_ShouldShowCarsFreeOnDates -->
        <test-method signature="testGetCars_WithPagination_ShouldReturnLimitedResults()[pri:0, instance:com.carbooking.taskApp.api.tests.CarApiTest@15fa55a6]" started-at="2026-03-26T22:36:36 CET" name="testGetCars_WithPagination_ShouldReturnLimitedResults" finished-at="2026-03-26T22:36:36 CET" duration-ms="337" status="PASS">
          <reporter-output>
          </reporter-output>
        </test-method> <!-- testGetCars_WithPagination_ShouldReturnLimitedResults -->
      </class> <!-- com.carbooking.taskApp.api.tests.CarApiTest -->
    </test> <!-- API Tests -->
    <test started-at="2026-03-26T22:33:49 CET" name="Firefox Tests" finished-at="2026-03-26T22:37:44 CET" duration-ms="234380">
      <class name="com.carbooking.gui.tests.positive.RegistrationPositiveTests">
        <test-method is-config="true" signature="setUp(java.lang.String)[pri:0, instance:com.carbooking.gui.tests.positive.RegistrationPositiveTests@7aad3f7d]" started-at="2026-03-26T22:35:22 CET" name="setUp" finished-at="2026-03-26T22:35:28 CET" duration-ms="5830" status="PASS">
          <params>
            <param index="0">
              <value>
                <![CDATA[firefox]]>
              </value>
            </param>
          </params>
          <reporter-output>
          </reporter-output>
        </test-method> <!-- setUp -->
        <test-method signature="testUserRegistration()[pri:0, instance:com.carbooking.gui.tests.positive.RegistrationPositiveTests@7aad3f7d]" started-at="2026-03-26T22:35:28 CET" name="testUserRegistration" finished-at="2026-03-26T22:35:49 CET" duration-ms="21189" status="FAIL">
          <exception class="java.lang.AssertionError">
            <message>
              <![CDATA[ОШИБКА: Регистрация прошла, но автоматический вход не выполнен. URL: http://localhost:5173/register expected [true] but found [false]]]>
            </message>
            <full-stacktrace>
              <![CDATA[java.lang.AssertionError: ОШИБКА: Регистрация прошла, но автоматический вход не выполнен. URL: http://localhost:5173/register expected [true] but found [false]
at org.testng.Assert.fail(Assert.java:111)
at org.testng.Assert.failNotEquals(Assert.java:1578)
at org.testng.Assert.assertTrue(Assert.java:57)
at com.carbooking.gui.tests.positive.RegistrationPositiveTests.testUserRegistration(RegistrationPositiveTests.java:34)
at java.base/jdk.internal.reflect.DirectMethodHandleAccessor.invoke(DirectMethodHandleAccessor.java:103)
at java.base/java.lang.reflect.Method.invoke(Method.java:580)
at org.testng.internal.invokers.MethodInvocationHelper.invokeMethod(MethodInvocationHelper.java:139)
at org.testng.internal.invokers.TestInvoker.invokeMethod(TestInvoker.java:664)
at org.testng.internal.invokers.TestInvoker.invokeTestMethod(TestInvoker.java:227)
at org.testng.internal.invokers.MethodRunner.runInSequence(MethodRunner.java:50)
at org.testng.internal.invokers.TestInvoker$MethodInvocationAgent.invoke(TestInvoker.java:957)
at org.testng.internal.invokers.TestInvoker.invokeTestMethods(TestInvoker.java:200)
at org.testng.internal.invokers.TestMethodWorker.invokeTestMethods(TestMethodWorker.java:148)
at org.testng.internal.invokers.TestMethodWorker.run(TestMethodWorker.java:128)
at java.base/java.util.ArrayList.forEach(ArrayList.java:1596)
at org.testng.TestRunner.privateRun(TestRunner.java:848)
at org.testng.TestRunner.run(TestRunner.java:621)
at org.testng.SuiteRunner.runTest(SuiteRunner.java:443)
at org.testng.SuiteRunner$SuiteWorker.run(SuiteRunner.java:481)
at org.testng.internal.thread.ThreadUtil.lambda$execute$0(ThreadUtil.java:58)
at java.base/java.util.concurrent.FutureTask.run(FutureTask.java:317)
at java.base/java.util.concurrent.ThreadPoolExecutor.runWorker(ThreadPoolExecutor.java:1144)
at java.base/java.util.concurrent.ThreadPoolExecutor$Worker.run(ThreadPoolExecutor.java:642)
at java.base/java.lang.Thread.run(Thread.java:1583)
]]>
            </full-stacktrace>
          </exception> <!-- java.lang.AssertionError -->
          <reporter-output>
          </reporter-output>
        </test-method> <!-- testUserRegistration -->
        <test-method is-config="true" signature="tearDown(org.testng.ITestResult)[pri:0, instance:com.carbooking.gui.tests.positive.RegistrationPositiveTests@7aad3f7d]" started-at="2026-03-26T22:35:49 CET" name="tearDown" finished-at="2026-03-26T22:35:50 CET" duration-ms="798" status="PASS">
          <params>
            <param index="0">
              <value>
                <![CDATA[[TestResult name=testUserRegistration status=FAILURE method=RegistrationPositiveTests.testUserRegistration()[pri:0, instance:com.carbooking.gui.tests.positive.RegistrationPositiveTests@7aad3f7d] output={null}]]]>
              </value>
            </param>
          </params>
          <reporter-output>
          </reporter-output>
        </test-method> <!-- tearDown -->
      </class> <!-- com.carbooking.gui.tests.positive.RegistrationPositiveTests -->
      <class name="com.carbooking.gui.tests.negative.BookingNegativeTests">
        <test-method is-config="true" signature="setUp(java.lang.String)[pri:0, instance:com.carbooking.gui.tests.negative.BookingNegativeTests@6f667ad1]" started-at="2026-03-26T22:35:50 CET" name="setUp" finished-at="2026-03-26T22:35:56 CET" duration-ms="5563" status="PASS">
          <params>
            <param index="0">
              <value>
                <![CDATA[firefox]]>
              </value>
            </param>
          </params>
          <reporter-output>
          </reporter-output>
        </test-method> <!-- setUp -->
        <test-method signature="testBookingInPastDates()[pri:1, instance:com.carbooking.gui.tests.negative.BookingNegativeTests@6f667ad1]" started-at="2026-03-26T22:35:56 CET" name="testBookingInPastDates" finished-at="2026-03-26T22:36:29 CET" duration-ms="33127" status="FAIL">
          <exception class="org.openqa.selenium.TimeoutException">
            <message>
              <![CDATA[Expected condition failed: waiting for visibility of Proxy element for: DefaultElementLocator 'By.name: pickupDate' (tried for 20 second(s) with 500 milliseconds interval)]]>
            </message>
            <full-stacktrace>
              <![CDATA[org.openqa.selenium.TimeoutException: Expected condition failed: waiting for visibility of Proxy element for: DefaultElementLocator 'By.name: pickupDate' (tried for 20 second(s) with 500 milliseconds interval)
at org.openqa.selenium.support.ui.WebDriverWait.timeoutException(WebDriverWait.java:84)
at org.openqa.selenium.support.ui.FluentWait.until(FluentWait.java:229)
at com.carbooking.gui.pages.BookingPage.fillDatesAndSearch(BookingPage.java:37)
at com.carbooking.gui.tests.negative.BookingNegativeTests.testBookingInPastDates(BookingNegativeTests.java:21)
at java.base/jdk.internal.reflect.DirectMethodHandleAccessor.invoke(DirectMethodHandleAccessor.java:103)
at java.base/java.lang.reflect.Method.invoke(Method.java:580)
at org.testng.internal.invokers.MethodInvocationHelper.invokeMethod(MethodInvocationHelper.java:139)
at org.testng.internal.invokers.TestInvoker.invokeMethod(TestInvoker.java:664)
at org.testng.internal.invokers.TestInvoker.invokeTestMethod(TestInvoker.java:227)
at org.testng.internal.invokers.MethodRunner.runInSequence(MethodRunner.java:50)
at org.testng.internal.invokers.TestInvoker$MethodInvocationAgent.invoke(TestInvoker.java:957)
at org.testng.internal.invokers.TestInvoker.invokeTestMethods(TestInvoker.java:200)
at org.testng.internal.invokers.TestMethodWorker.invokeTestMethods(TestMethodWorker.java:148)
at org.testng.internal.invokers.TestMethodWorker.run(TestMethodWorker.java:128)
at java.base/java.util.ArrayList.forEach(ArrayList.java:1596)
at org.testng.TestRunner.privateRun(TestRunner.java:848)
at org.testng.TestRunner.run(TestRunner.java:621)
at org.testng.SuiteRunner.runTest(SuiteRunner.java:443)
at org.testng.SuiteRunner$SuiteWorker.run(SuiteRunner.java:481)
at org.testng.internal.thread.ThreadUtil.lambda$execute$0(ThreadUtil.java:58)
at java.base/java.util.concurrent.FutureTask.run(FutureTask.java:317)
at java.base/java.util.concurrent.ThreadPoolExecutor.runWorker(ThreadPoolExecutor.java:1144)
at java.base/java.util.concurrent.ThreadPoolExecutor$Worker.run(ThreadPoolExecutor.java:642)
at java.base/java.lang.Thread.run(Thread.java:1583)
Caused by: org.openqa.selenium.NoSuchElementException: Unable to locate element: *[name='pickupDate']
For documentation on this error, please visit: https://www.selenium.dev/documentation/webdriver/troubleshooting/errors#no-such-element-exception
Build info: version: '4.16.1', revision: '9b4c83354e'
System info: os.name: 'Windows 11', os.arch: 'amd64', os.version: '10.0', java.version: '21.0.10'
Driver info: org.openqa.selenium.firefox.FirefoxDriver
Command: [3656efe0-e5aa-4a16-a195-f9459598f8b1, findElement {using=name, value=pickupDate}]
Capabilities {acceptInsecureCerts: true, browserName: firefox, browserVersion: 148.0.2, moz:accessibilityChecks: false, moz:buildID: 20260309125808, moz:geckodriverVersion: 0.36.0, moz:headless: false, moz:platformVersion: 10.0, moz:processID: 2560, moz:profile: C:\Users\ohanz\AppData\Loca..., moz:shutdownTimeout: 60000, moz:webdriverClick: true, moz:windowless: false, pageLoadStrategy: normal, platformName: windows, proxy: Proxy(), setWindowRect: true, strictFileInteractability: false, timeouts: {implicit: 0, pageLoad: 300000, script: 30000}, unhandledPromptBehavior: dismiss and notify, userAgent: Mozilla/5.0 (Windows NT 10....}
Session ID: 3656efe0-e5aa-4a16-a195-f9459598f8b1
at java.base/jdk.internal.reflect.DirectConstructorHandleAccessor.newInstance(DirectConstructorHandleAccessor.java:62)
at java.base/java.lang.reflect.Constructor.newInstanceWithCaller(Constructor.java:502)
at java.base/java.lang.reflect.Constructor.newInstance(Constructor.java:486)
at org.openqa.selenium.remote.codec.w3c.W3CHttpResponseCodec.createException(W3CHttpResponseCodec.java:200)
at org.openqa.selenium.remote.codec.w3c.W3CHttpResponseCodec.decode(W3CHttpResponseCodec.java:133)
at org.openqa.selenium.remote.codec.w3c.W3CHttpResponseCodec.decode(W3CHttpResponseCodec.java:52)
at org.openqa.selenium.remote.HttpCommandExecutor.execute(HttpCommandExecutor.java:191)
at org.openqa.selenium.remote.service.DriverCommandExecutor.invokeExecute(DriverCommandExecutor.java:200)
at org.openqa.selenium.remote.service.DriverCommandExecutor.execute(DriverCommandExecutor.java:175)
at org.openqa.selenium.remote.RemoteWebDriver.execute(RemoteWebDriver.java:523)
at org.openqa.selenium.remote.ElementLocation$ElementFinder$2.findElement(ElementLocation.java:165)
at org.openqa.selenium.remote.ElementLocation.findElement(ElementLocation.java:59)
at org.openqa.selenium.remote.RemoteWebDriver.findElement(RemoteWebDriver.java:360)
at org.openqa.selenium.remote.RemoteWebDriver.findElement(RemoteWebDriver.java:354)
at org.openqa.selenium.support.pagefactory.DefaultElementLocator.findElement(DefaultElementLocator.java:68)
at org.openqa.selenium.support.pagefactory.internal.LocatingElementHandler.invoke(LocatingElementHandler.java:38)
at jdk.proxy2/jdk.proxy2.$Proxy16.isDisplayed(Unknown Source)
at org.openqa.selenium.support.ui.ExpectedConditions.elementIfVisible(ExpectedConditions.java:304)
at org.openqa.selenium.support.ui.ExpectedConditions$10.apply(ExpectedConditions.java:290)
at org.openqa.selenium.support.ui.ExpectedConditions$10.apply(ExpectedConditions.java:287)
at org.openqa.selenium.support.ui.FluentWait.until(FluentWait.java:204)
... 22 more
]]>
            </full-stacktrace>
          </exception> <!-- org.openqa.selenium.TimeoutException -->
          <reporter-output>
          </reporter-output>
        </test-method> <!-- testBookingInPastDates -->
        <test-method is-config="true" signature="tearDown(org.testng.ITestResult)[pri:0, instance:com.carbooking.gui.tests.negative.BookingNegativeTests@6f667ad1]" started-at="2026-03-26T22:36:29 CET" name="tearDown" finished-at="2026-03-26T22:36:30 CET" duration-ms="1216" status="PASS">
          <params>
            <param index="0">
              <value>
                <![CDATA[[TestResult name=testBookingInPastDates status=FAILURE method=BookingNegativeTests.testBookingInPastDates()[pri:1, instance:com.carbooking.gui.tests.negative.BookingNegativeTests@6f667ad1] output={null}]]]>
              </value>
            </param>
          </params>
          <reporter-output>
          </reporter-output>
        </test-method> <!-- tearDown -->
        <test-method is-config="true" signature="setUp(java.lang.String)[pri:0, instance:com.carbooking.gui.tests.negative.BookingNegativeTests@6f667ad1]" started-at="2026-03-26T22:36:50 CET" name="setUp" finished-at="2026-03-26T22:36:56 CET" duration-ms="5823" status="PASS">
          <params>
            <param index="0">
              <value>
                <![CDATA[firefox]]>
              </value>
            </param>
          </params>
          <reporter-output>
          </reporter-output>
        </test-method> <!-- setUp -->
        <test-method signature="testBookingWithoutLogin()[pri:2, instance:com.carbooking.gui.tests.negative.BookingNegativeTests@6f667ad1]" started-at="2026-03-26T22:36:56 CET" name="testBookingWithoutLogin" finished-at="2026-03-26T22:37:07 CET" duration-ms="11049" status="PASS">
          <reporter-output>
          </reporter-output>
        </test-method> <!-- testBookingWithoutLogin -->
        <test-method is-config="true" signature="tearDown(org.testng.ITestResult)[pri:0, instance:com.carbooking.gui.tests.negative.BookingNegativeTests@6f667ad1]" started-at="2026-03-26T22:37:07 CET" name="tearDown" finished-at="2026-03-26T22:37:08 CET" duration-ms="846" status="PASS">
          <params>
            <param index="0">
              <value>
                <![CDATA[[TestResult name=testBookingWithoutLogin status=SUCCESS method=BookingNegativeTests.testBookingWithoutLogin()[pri:2, instance:com.carbooking.gui.tests.negative.BookingNegativeTests@6f667ad1] output={null}]]]>
              </value>
            </param>
          </params>
          <reporter-output>
          </reporter-output>
        </test-method> <!-- tearDown -->
      </class> <!-- com.carbooking.gui.tests.negative.BookingNegativeTests -->
      <class name="com.carbooking.gui.tests.negative.RegistrationNegativeTests">
        <test-method is-config="true" signature="setUp(java.lang.String)[pri:0, instance:com.carbooking.gui.tests.negative.RegistrationNegativeTests@388b401d]" started-at="2026-03-26T22:35:03 CET" name="setUp" finished-at="2026-03-26T22:35:08 CET" duration-ms="5518" status="PASS">
          <params>
            <param index="0">
              <value>
                <![CDATA[firefox]]>
              </value>
            </param>
          </params>
          <reporter-output>
          </reporter-output>
        </test-method> <!-- setUp -->
        <test-method signature="testRegistrationWithExistingEmail()[pri:0, instance:com.carbooking.gui.tests.negative.RegistrationNegativeTests@388b401d]" started-at="2026-03-26T22:35:08 CET" name="testRegistrationWithExistingEmail" finished-at="2026-03-26T22:35:21 CET" duration-ms="13285" status="PASS">
          <reporter-output>
          </reporter-output>
        </test-method> <!-- testRegistrationWithExistingEmail -->
        <test-method is-config="true" signature="tearDown(org.testng.ITestResult)[pri:0, instance:com.carbooking.gui.tests.negative.RegistrationNegativeTests@388b401d]" started-at="2026-03-26T22:35:21 CET" name="tearDown" finished-at="2026-03-26T22:35:22 CET" duration-ms="745" status="PASS">
          <params>
            <param index="0">
              <value>
                <![CDATA[[TestResult name=testRegistrationWithExistingEmail status=SUCCESS method=RegistrationNegativeTests.testRegistrationWithExistingEmail()[pri:0, instance:com.carbooking.gui.tests.negative.RegistrationNegativeTests@388b401d] output={null}]]]>
              </value>
            </param>
          </params>
          <reporter-output>
          </reporter-output>
        </test-method> <!-- tearDown -->
      </class> <!-- com.carbooking.gui.tests.negative.RegistrationNegativeTests -->
      <class name="com.carbooking.gui.tests.FirstTest">
        <test-method is-config="true" signature="setUp(java.lang.String)[pri:0, instance:com.carbooking.gui.tests.FirstTest@2bcec6a6]" started-at="2026-03-26T22:33:50 CET" name="setUp" finished-at="2026-03-26T22:33:58 CET" duration-ms="8401" status="PASS">
          <params>
            <param index="0">
              <value>
                <![CDATA[firefox]]>
              </value>
            </param>
          </params>
          <reporter-output>
          </reporter-output>
        </test-method> <!-- setUp -->
        <test-method signature="testOpenBrowser()[pri:0, instance:com.carbooking.gui.tests.FirstTest@2bcec6a6]" started-at="2026-03-26T22:33:58 CET" name="testOpenBrowser" finished-at="2026-03-26T22:33:58 CET" duration-ms="2" status="PASS">
          <reporter-output>
          </reporter-output>
        </test-method> <!-- testOpenBrowser -->
        <test-method is-config="true" signature="tearDown(org.testng.ITestResult)[pri:0, instance:com.carbooking.gui.tests.FirstTest@2bcec6a6]" started-at="2026-03-26T22:33:58 CET" name="tearDown" finished-at="2026-03-26T22:33:59 CET" duration-ms="962" status="PASS">
          <params>
            <param index="0">
              <value>
                <![CDATA[[TestResult name=testOpenBrowser status=SUCCESS method=FirstTest.testOpenBrowser()[pri:0, instance:com.carbooking.gui.tests.FirstTest@2bcec6a6] output={null}]]]>
              </value>
            </param>
          </params>
          <reporter-output>
          </reporter-output>
        </test-method> <!-- tearDown -->
      </class> <!-- com.carbooking.gui.tests.FirstTest -->
      <class name="com.carbooking.gui.tests.negative.LoginNegativeTests">
        <test-method is-config="true" signature="setUp(java.lang.String)[pri:0, instance:com.carbooking.gui.tests.negative.LoginNegativeTests@566d0c69]" started-at="2026-03-26T22:36:30 CET" name="setUp" finished-at="2026-03-26T22:36:36 CET" duration-ms="5998" status="PASS">
          <params>
            <param index="0">
              <value>
                <![CDATA[firefox]]>
              </value>
            </param>
          </params>
          <reporter-output>
          </reporter-output>
        </test-method> <!-- setUp -->
        <test-method signature="loginWithInvalidPassword()[pri:1, instance:com.carbooking.gui.tests.negative.LoginNegativeTests@566d0c69]" started-at="2026-03-26T22:36:36 CET" name="loginWithInvalidPassword" finished-at="2026-03-26T22:36:50 CET" duration-ms="13365" status="PASS">
          <reporter-output>
          </reporter-output>
        </test-method> <!-- loginWithInvalidPassword -->
        <test-method is-config="true" signature="tearDown(org.testng.ITestResult)[pri:0, instance:com.carbooking.gui.tests.negative.LoginNegativeTests@566d0c69]" started-at="2026-03-26T22:36:50 CET" name="tearDown" finished-at="2026-03-26T22:36:50 CET" duration-ms="795" status="PASS">
          <params>
            <param index="0">
              <value>
                <![CDATA[[TestResult name=loginWithInvalidPassword status=SUCCESS method=LoginNegativeTests.loginWithInvalidPassword()[pri:1, instance:com.carbooking.gui.tests.negative.LoginNegativeTests@566d0c69] output={null}]]]>
              </value>
            </param>
          </params>
          <reporter-output>
          </reporter-output>
        </test-method> <!-- tearDown -->
        <test-method is-config="true" signature="setUp(java.lang.String)[pri:0, instance:com.carbooking.gui.tests.negative.LoginNegativeTests@566d0c69]" started-at="2026-03-26T22:37:08 CET" name="setUp" finished-at="2026-03-26T22:37:14 CET" duration-ms="5865" status="PASS">
          <params>
            <param index="0">
              <value>
                <![CDATA[firefox]]>
              </value>
            </param>
          </params>
          <reporter-output>
          </reporter-output>
        </test-method> <!-- setUp -->
        <test-method signature="loginWithEmptyEmail()[pri:2, instance:com.carbooking.gui.tests.negative.LoginNegativeTests@566d0c69]" started-at="2026-03-26T22:37:14 CET" name="loginWithEmptyEmail" finished-at="2026-03-26T22:37:25 CET" duration-ms="11225" status="PASS">
          <reporter-output>
          </reporter-output>
        </test-method> <!-- loginWithEmptyEmail -->
        <test-method is-config="true" signature="tearDown(org.testng.ITestResult)[pri:0, instance:com.carbooking.gui.tests.negative.LoginNegativeTests@566d0c69]" started-at="2026-03-26T22:37:25 CET" name="tearDown" finished-at="2026-03-26T22:37:26 CET" duration-ms="800" status="PASS">
          <params>
            <param index="0">
              <value>
                <![CDATA[[TestResult name=loginWithEmptyEmail status=SUCCESS method=LoginNegativeTests.loginWithEmptyEmail()[pri:2, instance:com.carbooking.gui.tests.negative.LoginNegativeTests@566d0c69] output={null}]]]>
              </value>
            </param>
          </params>
          <reporter-output>
          </reporter-output>
        </test-method> <!-- tearDown -->
        <test-method is-config="true" signature="setUp(java.lang.String)[pri:0, instance:com.carbooking.gui.tests.negative.LoginNegativeTests@566d0c69]" started-at="2026-03-26T22:37:26 CET" name="setUp" finished-at="2026-03-26T22:37:32 CET" duration-ms="5858" status="PASS">
          <params>
            <param index="0">
              <value>
                <![CDATA[firefox]]>
              </value>
            </param>
          </params>
          <reporter-output>
          </reporter-output>
        </test-method> <!-- setUp -->
        <test-method signature="loginWithInvalidEmailFormat()[pri:3, instance:com.carbooking.gui.tests.negative.LoginNegativeTests@566d0c69]" started-at="2026-03-26T22:37:32 CET" name="loginWithInvalidEmailFormat" finished-at="2026-03-26T22:37:43 CET" duration-ms="11263" status="PASS">
          <reporter-output>
          </reporter-output>
        </test-method> <!-- loginWithInvalidEmailFormat -->
        <test-method is-config="true" signature="tearDown(org.testng.ITestResult)[pri:0, instance:com.carbooking.gui.tests.negative.LoginNegativeTests@566d0c69]" started-at="2026-03-26T22:37:43 CET" name="tearDown" finished-at="2026-03-26T22:37:44 CET" duration-ms="799" status="PASS">
          <params>
            <param index="0">
              <value>
                <![CDATA[[TestResult name=loginWithInvalidEmailFormat status=SUCCESS method=LoginNegativeTests.loginWithInvalidEmailFormat()[pri:3, instance:com.carbooking.gui.tests.negative.LoginNegativeTests@566d0c69] output={null}]]]>
              </value>
            </param>
          </params>
          <reporter-output>
          </reporter-output>
        </test-method> <!-- tearDown -->
      </class> <!-- com.carbooking.gui.tests.negative.LoginNegativeTests -->
      <class name="com.carbooking.gui.tests.positive.BookingPositiveTests">
        <test-method is-config="true" signature="setUp(java.lang.String)[pri:0, instance:com.carbooking.gui.tests.positive.BookingPositiveTests@68ba310d]" started-at="2026-03-26T22:33:59 CET" name="setUp" finished-at="2026-03-26T22:34:04 CET" duration-ms="5526" status="PASS">
          <params>
            <param index="0">
              <value>
                <![CDATA[firefox]]>
              </value>
            </param>
          </params>
          <reporter-output>
          </reporter-output>
        </test-method> <!-- setUp -->
        <test-method signature="testCarBookingSuccess()[pri:0, instance:com.carbooking.gui.tests.positive.BookingPositiveTests@68ba310d]" started-at="2026-03-26T22:34:04 CET" name="testCarBookingSuccess" finished-at="2026-03-26T22:34:37 CET" duration-ms="32849" status="FAIL">
          <exception class="org.openqa.selenium.TimeoutException">
            <message>
              <![CDATA[Expected condition failed: waiting for visibility of Proxy element for: DefaultElementLocator 'By.name: pickupDate' (tried for 20 second(s) with 500 milliseconds interval)]]>
            </message>
            <full-stacktrace>
              <![CDATA[org.openqa.selenium.TimeoutException: Expected condition failed: waiting for visibility of Proxy element for: DefaultElementLocator 'By.name: pickupDate' (tried for 20 second(s) with 500 milliseconds interval)
at org.openqa.selenium.support.ui.WebDriverWait.timeoutException(WebDriverWait.java:84)
at org.openqa.selenium.support.ui.FluentWait.until(FluentWait.java:229)
at com.carbooking.gui.pages.BookingPage.fillDatesAndSearch(BookingPage.java:37)
at com.carbooking.gui.tests.positive.BookingPositiveTests.testCarBookingSuccess(BookingPositiveTests.java:25)
at java.base/jdk.internal.reflect.DirectMethodHandleAccessor.invoke(DirectMethodHandleAccessor.java:103)
at java.base/java.lang.reflect.Method.invoke(Method.java:580)
at org.testng.internal.invokers.MethodInvocationHelper.invokeMethod(MethodInvocationHelper.java:139)
at org.testng.internal.invokers.TestInvoker.invokeMethod(TestInvoker.java:664)
at org.testng.internal.invokers.TestInvoker.invokeTestMethod(TestInvoker.java:227)
at org.testng.internal.invokers.MethodRunner.runInSequence(MethodRunner.java:50)
at org.testng.internal.invokers.TestInvoker$MethodInvocationAgent.invoke(TestInvoker.java:957)
at org.testng.internal.invokers.TestInvoker.invokeTestMethods(TestInvoker.java:200)
at org.testng.internal.invokers.TestMethodWorker.invokeTestMethods(TestMethodWorker.java:148)
at org.testng.internal.invokers.TestMethodWorker.run(TestMethodWorker.java:128)
at java.base/java.util.ArrayList.forEach(ArrayList.java:1596)
at org.testng.TestRunner.privateRun(TestRunner.java:848)
at org.testng.TestRunner.run(TestRunner.java:621)
at org.testng.SuiteRunner.runTest(SuiteRunner.java:443)
at org.testng.SuiteRunner$SuiteWorker.run(SuiteRunner.java:481)
at org.testng.internal.thread.ThreadUtil.lambda$execute$0(ThreadUtil.java:58)
at java.base/java.util.concurrent.FutureTask.run(FutureTask.java:317)
at java.base/java.util.concurrent.ThreadPoolExecutor.runWorker(ThreadPoolExecutor.java:1144)
at java.base/java.util.concurrent.ThreadPoolExecutor$Worker.run(ThreadPoolExecutor.java:642)
at java.base/java.lang.Thread.run(Thread.java:1583)
Caused by: org.openqa.selenium.NoSuchElementException: Unable to locate element: *[name='pickupDate']
For documentation on this error, please visit: https://www.selenium.dev/documentation/webdriver/troubleshooting/errors#no-such-element-exception
Build info: version: '4.16.1', revision: '9b4c83354e'
System info: os.name: 'Windows 11', os.arch: 'amd64', os.version: '10.0', java.version: '21.0.10'
Driver info: org.openqa.selenium.firefox.FirefoxDriver
Command: [794c99d8-8b81-4535-a87d-6c8ba93c2e9c, findElement {using=name, value=pickupDate}]
Capabilities {acceptInsecureCerts: true, browserName: firefox, browserVersion: 148.0.2, moz:accessibilityChecks: false, moz:buildID: 20260309125808, moz:geckodriverVersion: 0.36.0, moz:headless: false, moz:platformVersion: 10.0, moz:processID: 16280, moz:profile: C:\Users\ohanz\AppData\Loca..., moz:shutdownTimeout: 60000, moz:webdriverClick: true, moz:windowless: false, pageLoadStrategy: normal, platformName: windows, proxy: Proxy(), setWindowRect: true, strictFileInteractability: false, timeouts: {implicit: 0, pageLoad: 300000, script: 30000}, unhandledPromptBehavior: dismiss and notify, userAgent: Mozilla/5.0 (Windows NT 10....}
Session ID: 794c99d8-8b81-4535-a87d-6c8ba93c2e9c
at java.base/jdk.internal.reflect.DirectConstructorHandleAccessor.newInstance(DirectConstructorHandleAccessor.java:62)
at java.base/java.lang.reflect.Constructor.newInstanceWithCaller(Constructor.java:502)
at java.base/java.lang.reflect.Constructor.newInstance(Constructor.java:486)
at org.openqa.selenium.remote.codec.w3c.W3CHttpResponseCodec.createException(W3CHttpResponseCodec.java:200)
at org.openqa.selenium.remote.codec.w3c.W3CHttpResponseCodec.decode(W3CHttpResponseCodec.java:133)
at org.openqa.selenium.remote.codec.w3c.W3CHttpResponseCodec.decode(W3CHttpResponseCodec.java:52)
at org.openqa.selenium.remote.HttpCommandExecutor.execute(HttpCommandExecutor.java:191)
at org.openqa.selenium.remote.service.DriverCommandExecutor.invokeExecute(DriverCommandExecutor.java:200)
at org.openqa.selenium.remote.service.DriverCommandExecutor.execute(DriverCommandExecutor.java:175)
at org.openqa.selenium.remote.RemoteWebDriver.execute(RemoteWebDriver.java:523)
at org.openqa.selenium.remote.ElementLocation$ElementFinder$2.findElement(ElementLocation.java:165)
at org.openqa.selenium.remote.ElementLocation.findElement(ElementLocation.java:59)
at org.openqa.selenium.remote.RemoteWebDriver.findElement(RemoteWebDriver.java:360)
at org.openqa.selenium.remote.RemoteWebDriver.findElement(RemoteWebDriver.java:354)
at org.openqa.selenium.support.pagefactory.DefaultElementLocator.findElement(DefaultElementLocator.java:68)
at org.openqa.selenium.support.pagefactory.internal.LocatingElementHandler.invoke(LocatingElementHandler.java:38)
at jdk.proxy2/jdk.proxy2.$Proxy16.isDisplayed(Unknown Source)
at org.openqa.selenium.support.ui.ExpectedConditions.elementIfVisible(ExpectedConditions.java:304)
at org.openqa.selenium.support.ui.ExpectedConditions$10.apply(ExpectedConditions.java:290)
at org.openqa.selenium.support.ui.ExpectedConditions$10.apply(ExpectedConditions.java:287)
at org.openqa.selenium.support.ui.FluentWait.until(FluentWait.java:204)
... 22 more
]]>
            </full-stacktrace>
          </exception> <!-- org.openqa.selenium.TimeoutException -->
          <reporter-output>
          </reporter-output>
        </test-method> <!-- testCarBookingSuccess -->
        <test-method is-config="true" signature="tearDown(org.testng.ITestResult)[pri:0, instance:com.carbooking.gui.tests.positive.BookingPositiveTests@68ba310d]" started-at="2026-03-26T22:34:37 CET" name="tearDown" finished-at="2026-03-26T22:34:39 CET" duration-ms="1016" status="PASS">
          <params>
            <param index="0">
              <value>
                <![CDATA[[TestResult name=testCarBookingSuccess status=FAILURE method=BookingPositiveTests.testCarBookingSuccess()[pri:0, instance:com.carbooking.gui.tests.positive.BookingPositiveTests@68ba310d] output={null}]]]>
              </value>
            </param>
          </params>
          <reporter-output>
          </reporter-output>
        </test-method> <!-- tearDown -->
      </class> <!-- com.carbooking.gui.tests.positive.BookingPositiveTests -->
      <class name="com.carbooking.gui.tests.positive.LoginPositiveTests">
        <test-method is-config="true" signature="setUp(java.lang.String)[pri:0, instance:com.carbooking.gui.tests.positive.LoginPositiveTests@153f66e7]" started-at="2026-03-26T22:34:53 CET" name="setUp" finished-at="2026-03-26T22:34:59 CET" duration-ms="5641" status="PASS">
          <params>
            <param index="0">
              <value>
                <![CDATA[firefox]]>
              </value>
            </param>
          </params>
          <reporter-output>
          </reporter-output>
        </test-method> <!-- setUp -->
        <test-method signature="loginPositiveTest()[pri:0, instance:com.carbooking.gui.tests.positive.LoginPositiveTests@153f66e7]" started-at="2026-03-26T22:34:59 CET" name="loginPositiveTest" finished-at="2026-03-26T22:35:02 CET" duration-ms="3292" status="PASS">
          <reporter-output>
          </reporter-output>
        </test-method> <!-- loginPositiveTest -->
        <test-method is-config="true" signature="tearDown(org.testng.ITestResult)[pri:0, instance:com.carbooking.gui.tests.positive.LoginPositiveTests@153f66e7]" started-at="2026-03-26T22:35:02 CET" name="tearDown" finished-at="2026-03-26T22:35:03 CET" duration-ms="792" status="PASS">
          <params>
            <param index="0">
              <value>
                <![CDATA[[TestResult name=loginPositiveTest status=SUCCESS method=LoginPositiveTests.loginPositiveTest()[pri:0, instance:com.carbooking.gui.tests.positive.LoginPositiveTests@153f66e7] output={null}]]]>
              </value>
            </param>
          </params>
          <reporter-output>
          </reporter-output>
        </test-method> <!-- tearDown -->
      </class> <!-- com.carbooking.gui.tests.positive.LoginPositiveTests -->
      <class name="com.carbooking.gui.tests.SecurityTests">
        <test-method is-config="true" signature="setUp(java.lang.String)[pri:0, instance:com.carbooking.gui.tests.SecurityTests@77a281fc]" started-at="2026-03-26T22:34:39 CET" name="setUp" finished-at="2026-03-26T22:34:44 CET" duration-ms="5571" status="PASS">
          <params>
            <param index="0">
              <value>
                <![CDATA[firefox]]>
              </value>
            </param>
          </params>
          <reporter-output>
          </reporter-output>
        </test-method> <!-- setUp -->
        <test-method signature="findIdorThreat()[pri:0, instance:com.carbooking.gui.tests.SecurityTests@77a281fc]" started-at="2026-03-26T22:34:44 CET" name="findIdorThreat" description="Проверка на угрозу IDOR" finished-at="2026-03-26T22:34:44 CET" duration-ms="6" status="PASS">
          <reporter-output>
          </reporter-output>
        </test-method> <!-- findIdorThreat -->
        <test-method is-config="true" signature="tearDown(org.testng.ITestResult)[pri:0, instance:com.carbooking.gui.tests.SecurityTests@77a281fc]" started-at="2026-03-26T22:34:44 CET" name="tearDown" finished-at="2026-03-26T22:34:45 CET" duration-ms="778" status="PASS">
          <params>
            <param index="0">
              <value>
                <![CDATA[[TestResult name=findIdorThreat status=SUCCESS method=SecurityTests.findIdorThreat()[pri:0, instance:com.carbooking.gui.tests.SecurityTests@77a281fc] output={null}]]]>
              </value>
            </param>
          </params>
          <reporter-output>
          </reporter-output>
        </test-method> <!-- tearDown -->
        <test-method is-config="true" signature="setUp(java.lang.String)[pri:0, instance:com.carbooking.gui.tests.SecurityTests@77a281fc]" started-at="2026-03-26T22:34:45 CET" name="setUp" finished-at="2026-03-26T22:34:51 CET" duration-ms="6111" status="PASS">
          <params>
            <param index="0">
              <value>
                <![CDATA[firefox]]>
              </value>
            </param>
          </params>
          <reporter-output>
          </reporter-output>
        </test-method> <!-- setUp -->
        <test-method signature="testSqlInjectionInput()[pri:0, instance:com.carbooking.gui.tests.SecurityTests@77a281fc]" started-at="2026-03-26T22:34:51 CET" name="testSqlInjectionInput" description="Тест на SQL Injection в поле логина" finished-at="2026-03-26T22:34:52 CET" duration-ms="1104" status="PASS">
          <reporter-output>
          </reporter-output>
        </test-method> <!-- testSqlInjectionInput -->
        <test-method is-config="true" signature="tearDown(org.testng.ITestResult)[pri:0, instance:com.carbooking.gui.tests.SecurityTests@77a281fc]" started-at="2026-03-26T22:34:52 CET" name="tearDown" finished-at="2026-03-26T22:34:53 CET" duration-ms="825" status="PASS">
          <params>
            <param index="0">
              <value>
                <![CDATA[[TestResult name=testSqlInjectionInput status=SUCCESS method=SecurityTests.testSqlInjectionInput()[pri:0, instance:com.carbooking.gui.tests.SecurityTests@77a281fc] output={null}]]]>
              </value>
            </param>
          </params>
          <reporter-output>
          </reporter-output>
        </test-method> <!-- tearDown -->
      </class> <!-- com.carbooking.gui.tests.SecurityTests -->
    </test> <!-- Firefox Tests -->
  </suite> <!-- Cross Browser Suite -->
</testng-results>
