<?xml version="1.0" encoding="UTF-8"?>
<!-- Generated by org.testng.reporters.JUnitReportReporter -->
<testsuite hostname="DESKTOP-RS19H7N" failures="0" tests="3" name="com.carbooking.gui.tests.negative.LoginNegativeTests" time="37.265" errors="0" timestamp="2026-03-27T06:17:03 CET" skipped="0">
  <testcase classname="com.carbooking.gui.tests.negative.LoginNegativeTests" name="loginWithInvalidPassword" time="13.900"/>
  <testcase classname="com.carbooking.gui.tests.negative.LoginNegativeTests" name="loginWithEmptyEmail" time="11.745"/>
  <testcase classname="com.carbooking.gui.tests.negative.LoginNegativeTests" name="loginWithInvalidEmailFormat" time="11.620"/>
</testsuite> <!-- com.carbooking.gui.tests.negative.LoginNegativeTests -->
