<?xml version="1.0" encoding="UTF-8"?>
<!-- Generated by org.testng.reporters.JUnitReportReporter -->
<testsuite hostname="DESKTOP-RS19H7N" failures="0" tests="2" name="com.carbooking.gui.tests.SecurityTests" time="2.668" errors="0" timestamp="2026-03-27T06:17:03 CET" skipped="0">
  <testcase classname="com.carbooking.gui.tests.SecurityTests" name="findIdorThreat" time="1.129"/>
  <testcase classname="com.carbooking.gui.tests.SecurityTests" name="testSqlInjectionInput" time="1.539"/>
</testsuite> <!-- com.carbooking.gui.tests.SecurityTests -->
