<?xml version="1.0" encoding="UTF-8"?>
<!-- Generated by org.testng.reporters.JUnitReportReporter -->
<testsuite hostname="DESKTOP-RS19H7N" failures="0" tests="4" name="com.carbooking.gui.tests.SecurityTests" time="16.892" errors="0" timestamp="2026-03-26T22:37:44 CET" skipped="0">
  <testcase classname="com.carbooking.gui.tests.SecurityTests" name="findIdorThreat" time="6.355"/>
  <testcase classname="com.carbooking.gui.tests.SecurityTests" name="findIdorThreat" time="1.059"/>
  <testcase classname="com.carbooking.gui.tests.SecurityTests" name="testSqlInjectionInput" time="8.040"/>
  <testcase classname="com.carbooking.gui.tests.SecurityTests" name="testSqlInjectionInput" time="1.438"/>
</testsuite> <!-- com.carbooking.gui.tests.SecurityTests -->
