<?xml version="1.0" encoding="UTF-8"?>
<!-- Generated by org.testng.reporters.JUnitReportReporter -->
<testsuite hostname="DESKTOP-RS19H7N" failures="0" tests="6" name="com.carbooking.gui.tests.negative.LoginNegativeTests" time="92.514" errors="0" timestamp="2026-03-26T22:37:44 CET" skipped="0">
  <testcase classname="com.carbooking.gui.tests.negative.LoginNegativeTests" name="loginWithInvalidPassword" time="13.569"/>
  <testcase classname="com.carbooking.gui.tests.negative.LoginNegativeTests" name="loginWithInvalidPassword" time="20.022"/>
  <testcase classname="com.carbooking.gui.tests.negative.LoginNegativeTests" name="loginWithEmptyEmail" time="17.890"/>
  <testcase classname="com.carbooking.gui.tests.negative.LoginNegativeTests" name="loginWithEmptyEmail" time="11.507"/>
  <testcase classname="com.carbooking.gui.tests.negative.LoginNegativeTests" name="loginWithInvalidEmailFormat" time="11.470"/>
  <testcase classname="com.carbooking.gui.tests.negative.LoginNegativeTests" name="loginWithInvalidEmailFormat" time="18.056"/>
</testsuite> <!-- com.carbooking.gui.tests.negative.LoginNegativeTests -->
