<?xml version="1.0" encoding="UTF-8"?>
<!-- Generated by org.testng.reporters.JUnitReportReporter -->
<testsuite hostname="DESKTOP-RS19H7N" failures="0" tests="2" name="com.carbooking.gui.tests.FirstTest" time="9.924" errors="0" timestamp="2026-03-27T07:16:04 CET" skipped="0">
  <testcase classname="com.carbooking.gui.tests.FirstTest" name="testOpenBrowser" time="7.867"/>
  <testcase classname="com.carbooking.gui.tests.FirstTest" name="testOpenBrowser" time="2.057"/>
</testsuite> <!-- com.carbooking.gui.tests.FirstTest -->
