<?xml version="1.0" encoding="UTF-8"?>
<!-- Generated by org.testng.reporters.JUnitReportReporter -->
<testsuite hostname="DESKTOP-RS19H7N" failures="0" tests="4" name="com.carbooking.gui.tests.SecurityTests" time="15.678" errors="0" timestamp="2026-03-27T07:16:04 CET" skipped="0">
  <testcase classname="com.carbooking.gui.tests.SecurityTests" name="testSqlInjectionInput" time="1.880"/>
  <testcase classname="com.carbooking.gui.tests.SecurityTests" name="findIdorThreat" time="5.799"/>
  <testcase classname="com.carbooking.gui.tests.SecurityTests" name="testSqlInjectionInput" time="6.360"/>
  <testcase classname="com.carbooking.gui.tests.SecurityTests" name="findIdorThreat" time="1.639"/>
</testsuite> <!-- com.carbooking.gui.tests.SecurityTests -->
